# JRE version: Java(TM) SE Runtime Environment (7.0_55-b13) (build 1.7.0_55-b13)
# Java VM: Java HotSpot(TM) 64-Bit Server VM (24.55-b03 mixed mode windows-amd64 compressed oops)
Heap
 PSYoungGen      total 598528K, used 174782K [0x00000007d5a80000, 0x00000007fff00000, 0x0000000800000000)
  eden space 503808K, 34% used [0x00000007d5a80000,0x00000007e052fa58,0x00000007f4680000)
  from space 94720K, 0% used [0x00000007f4680000,0x00000007f4680000,0x00000007fa300000)
  to   space 94208K, 0% used [0x00000007fa300000,0x00000007fa300000,0x00000007fff00000)
 ParOldGen       total 688128K, used 507885K [0x0000000781000000, 0x00000007ab000000, 0x00000007d5a80000)
  object space 688128K, 73% used [0x0000000781000000,0x000000079fffb750,0x00000007ab000000)
 PSPermGen       total 124928K, used 102241K [0x0000000771000000, 0x0000000778a00000, 0x0000000781000000)
  object space 124928K, 81% used [0x0000000771000000,0x00000007773d8558,0x0000000778a00000)
GC Heap History (10 events):
Event: 167.637 GC heap before
{Heap before GC invocations=72 (full 11):
 PSYoungGen      total 598016K, used 503808K [0x00000007d5a80000, 0x0000000800000000, 0x0000000800000000)
  eden space 503808K, 100% used [0x00000007d5a80000,0x00000007f4680000,0x00000007f4680000)
  from space 94208K, 0% used [0x00000007f4680000,0x00000007f4680000,0x00000007fa280000)
  to   space 95232K, 0% used [0x00000007fa300000,0x00000007fa300000,0x0000000800000000)
 ParOldGen       total 536064K, used 507934K [0x0000000781000000, 0x00000007a1b80000, 0x00000007d5a80000)
  object space 536064K, 94% used [0x0000000781000000,0x00000007a00078f8,0x00000007a1b80000)
 PSPermGen       total 133120K, used 102168K [0x0000000771000000, 0x0000000779200000, 0x0000000781000000)
  object space 133120K, 76% used [0x0000000771000000,0x00000007773c6038,0x0000000779200000)
Event: 168.117 GC heap after
Heap after GC invocations=72 (full 11):
 PSYoungGen      total 598016K, used 0K [0x00000007d5a80000, 0x0000000800000000, 0x0000000800000000)
  eden space 503808K, 0% used [0x00000007d5a80000,0x00000007d5a80000,0x00000007f4680000)
  from space 94208K, 0% used [0x00000007f4680000,0x00000007f4680000,0x00000007fa280000)
  to   space 95232K, 0% used [0x00000007fa300000,0x00000007fa300000,0x0000000800000000)
 ParOldGen       total 688128K, used 508645K [0x0000000781000000, 0x00000007ab000000, 0x00000007d5a80000)
  object space 688128K, 73% used [0x0000000781000000,0x00000007a00b96e0,0x00000007ab000000)
 PSPermGen       total 130560K, used 102167K [0x0000000771000000, 0x0000000778f80000, 0x0000000781000000)
  object space 130560K, 78% used [0x0000000771000000,0x00000007773c5e18,0x0000000778f80000)
}
Event: 168.600 GC heap before
{Heap before GC invocations=73 (full 11):
 PSYoungGen      total 598016K, used 448959K [0x00000007d5a80000, 0x0000000800000000, 0x0000000800000000)
  eden space 503808K, 89% used [0x00000007d5a80000,0x00000007f10eff08,0x00000007f4680000)
  from space 94208K, 0% used [0x00000007f4680000,0x00000007f4680000,0x00000007fa280000)
  to   space 95232K, 0% used [0x00000007fa300000,0x00000007fa300000,0x0000000800000000)
 ParOldGen       total 688128K, used 508645K [0x0000000781000000, 0x00000007ab000000, 0x00000007d5a80000)
  object space 688128K, 73% used [0x0000000781000000,0x00000007a00b96e0,0x00000007ab000000)
 PSPermGen       total 130560K, used 102227K [0x0000000771000000, 0x0000000778f80000, 0x0000000781000000)
  object space 130560K, 78% used [0x0000000771000000,0x00000007773d4ef8,0x0000000778f80000)
Event: 168.609 GC heap after
Heap after GC invocations=73 (full 11):
 PSYoungGen      total 599040K, used 1080K [0x00000007d5a80000, 0x0000000800000000, 0x0000000800000000)
  eden space 503808K, 0% used [0x00000007d5a80000,0x00000007d5a80000,0x00000007f4680000)
  from space 95232K, 1% used [0x00000007fa300000,0x00000007fa40e1b8,0x0000000800000000)
  to   space 94720K, 0% used [0x00000007f4680000,0x00000007f4680000,0x00000007fa300000)
 ParOldGen       total 688128K, used 508645K [0x0000000781000000, 0x00000007ab000000, 0x00000007d5a80000)
  object space 688128K, 73% used [0x0000000781000000,0x00000007a00b96e0,0x00000007ab000000)
 PSPermGen       total 130560K, used 102227K [0x0000000771000000, 0x0000000778f80000, 0x0000000781000000)
  object space 130560K, 78% used [0x0000000771000000,0x00000007773d4ef8,0x0000000778f80000)
}
Event: 168.609 GC heap before
{Heap before GC invocations=74 (full 12):
 PSYoungGen      total 599040K, used 1080K [0x00000007d5a80000, 0x0000000800000000, 0x0000000800000000)
  eden space 503808K, 0% used [0x00000007d5a80000,0x00000007d5a80000,0x00000007f4680000)
  from space 95232K, 1% used [0x00000007fa300000,0x00000007fa40e1b8,0x0000000800000000)
  to   space 94720K, 0% used [0x00000007f4680000,0x00000007f4680000,0x00000007fa300000)
 ParOldGen       total 688128K, used 508645K [0x0000000781000000, 0x00000007ab000000, 0x00000007d5a80000)
  object space 688128K, 73% used [0x0000000781000000,0x00000007a00b96e0,0x00000007ab000000)
 PSPermGen       total 130560K, used 102227K [0x0000000771000000, 0x0000000778f80000, 0x0000000781000000)
  object space 130560K, 78% used [0x0000000771000000,0x00000007773d4ef8,0x0000000778f80000)
Event: 169.415 GC heap after
Heap after GC invocations=74 (full 12):
 PSYoungGen      total 599040K, used 0K [0x00000007d5a80000, 0x0000000800000000, 0x0000000800000000)
  eden space 503808K, 0% used [0x00000007d5a80000,0x00000007d5a80000,0x00000007f4680000)
  from space 95232K, 0% used [0x00000007fa300000,0x00000007fa300000,0x0000000800000000)
  to   space 94720K, 0% used [0x00000007f4680000,0x00000007f4680000,0x00000007fa300000)
 ParOldGen       total 688128K, used 507885K [0x0000000781000000, 0x00000007ab000000, 0x00000007d5a80000)
  object space 688128K, 73% used [0x0000000781000000,0x000000079fffb730,0x00000007ab000000)
 PSPermGen       total 128000K, used 102227K [0x0000000771000000, 0x0000000778d00000, 0x0000000781000000)
  object space 128000K, 79% used [0x0000000771000000,0x00000007773d4cb8,0x0000000778d00000)
}
Event: 169.416 GC heap before
{Heap before GC invocations=75 (full 12):
 PSYoungGen      total 599040K, used 224K [0x00000007d5a80000, 0x0000000800000000, 0x0000000800000000)
  eden space 503808K, 0% used [0x00000007d5a80000,0x00000007d5ab83d0,0x00000007f4680000)
  from space 95232K, 0% used [0x00000007fa300000,0x00000007fa300000,0x0000000800000000)
  to   space 94720K, 0% used [0x00000007f4680000,0x00000007f4680000,0x00000007fa300000)
 ParOldGen       total 688128K, used 507885K [0x0000000781000000, 0x00000007ab000000, 0x00000007d5a80000)
  object space 688128K, 73% used [0x0000000781000000,0x000000079fffb730,0x00000007ab000000)
 PSPermGen       total 128000K, used 102227K [0x0000000771000000, 0x0000000778d00000, 0x0000000781000000)
  object space 128000K, 79% used [0x0000000771000000,0x00000007773d4cb8,0x0000000778d00000)
Event: 169.424 GC heap after
Heap after GC invocations=75 (full 12):
 PSYoungGen      total 598528K, used 32K [0x00000007d5a80000, 0x00000007fff00000, 0x0000000800000000)
  eden space 503808K, 0% used [0x00000007d5a80000,0x00000007d5a80000,0x00000007f4680000)
  from space 94720K, 0% used [0x00000007f4680000,0x00000007f4688000,0x00000007fa300000)
  to   space 94208K, 0% used [0x00000007fa300000,0x00000007fa300000,0x00000007fff00000)
 ParOldGen       total 688128K, used 507885K [0x0000000781000000, 0x00000007ab000000, 0x00000007d5a80000)
  object space 688128K, 73% used [0x0000000781000000,0x000000079fffb730,0x00000007ab000000)
 PSPermGen       total 128000K, used 102227K [0x0000000771000000, 0x0000000778d00000, 0x0000000781000000)
  object space 128000K, 79% used [0x0000000771000000,0x00000007773d4cb8,0x0000000778d00000)
}
Event: 169.424 GC heap before
{Heap before GC invocations=76 (full 13):
 PSYoungGen      total 598528K, used 32K [0x00000007d5a80000, 0x00000007fff00000, 0x0000000800000000)
  eden space 503808K, 0% used [0x00000007d5a80000,0x00000007d5a80000,0x00000007f4680000)
  from space 94720K, 0% used [0x00000007f4680000,0x00000007f4688000,0x00000007fa300000)
  to   space 94208K, 0% used [0x00000007fa300000,0x00000007fa300000,0x00000007fff00000)
 ParOldGen       total 688128K, used 507885K [0x0000000781000000, 0x00000007ab000000, 0x00000007d5a80000)
  object space 688128K, 73% used [0x0000000781000000,0x000000079fffb730,0x00000007ab000000)
 PSPermGen       total 128000K, used 102227K [0x0000000771000000, 0x0000000778d00000, 0x0000000781000000)
  object space 128000K, 79% used [0x0000000771000000,0x00000007773d4cb8,0x0000000778d00000)
Event: 169.755 GC heap after
Heap after GC invocations=76 (full 13):
 PSYoungGen      total 598528K, used 0K [0x00000007d5a80000, 0x00000007fff00000, 0x0000000800000000)
  eden space 503808K, 0% used [0x00000007d5a80000,0x00000007d5a80000,0x00000007f4680000)
  from space 94720K, 0% used [0x00000007f4680000,0x00000007f4680000,0x00000007fa300000)
  to   space 94208K, 0% used [0x00000007fa300000,0x00000007fa300000,0x00000007fff00000)
 ParOldGen       total 688128K, used 507885K [0x0000000781000000, 0x00000007ab000000, 0x00000007d5a80000)
  object space 688128K, 73% used [0x0000000781000000,0x000000079fffb750,0x00000007ab000000)
 PSPermGen       total 124928K, used 102227K [0x0000000771000000, 0x0000000778a00000, 0x0000000781000000)
  object space 124928K, 81% used [0x0000000771000000,0x00000007773d4cb8,0x0000000778a00000)
}

