# JRE version: Java(TM) SE Runtime Environment (7.0_55-b13) (build 1.7.0_55-b13)
# Java VM: Java HotSpot(TM) 64-Bit Server VM (24.55-b03 mixed mode windows-amd64 compressed oops)
Heap
 PSYoungGen      total 626688K, used 343888K [0x00000007d5a80000, 0x00000007ffd00000, 0x0000000800000000)
  eden space 561664K, 53% used [0x00000007d5a80000,0x00000007e813c6b0,0x00000007f7f00000)
  from space 65024K, 64% used [0x00000007fbd80000,0x00000007fe697b50,0x00000007ffd00000)
  to   space 64000K, 0% used [0x00000007f7f00000,0x00000007f7f00000,0x00000007fbd80000)
 ParOldGen       total 243200K, used 207897K [0x0000000781000000, 0x000000078fd80000, 0x00000007d5a80000)
  object space 243200K, 85% used [0x0000000781000000,0x000000078db06548,0x000000078fd80000)
 PSPermGen       total 70656K, used 55839K [0x0000000771000000, 0x0000000775500000, 0x0000000781000000)
  object space 70656K, 79% used [0x0000000771000000,0x0000000774687c58,0x0000000775500000)
GC Heap History (10 events):
Event: 139.403 GC heap before
{Heap before GC invocations=32 (full 6):
 PSYoungGen      total 613376K, used 581142K [0x00000007d5a80000, 0x00000007ffb80000, 0x0000000800000000)
  eden space 540672K, 100% used [0x00000007d5a80000,0x00000007f6a80000,0x00000007f6a80000)
  from space 72704K, 55% used [0x00000007f6a80000,0x00000007f9205b98,0x00000007fb180000)
  to   space 70656K, 0% used [0x00000007fb680000,0x00000007fb680000,0x00000007ffb80000)
 ParOldGen       total 243200K, used 207897K [0x0000000781000000, 0x000000078fd80000, 0x00000007d5a80000)
  object space 243200K, 85% used [0x0000000781000000,0x000000078db06548,0x000000078fd80000)
 PSPermGen       total 70656K, used 55501K [0x0000000771000000, 0x0000000775500000, 0x0000000781000000)
  object space 70656K, 78% used [0x0000000771000000,0x0000000774633740,0x0000000775500000)
Event: 139.422 GC heap after
Heap after GC invocations=32 (full 6):
 PSYoungGen      total 619520K, used 40246K [0x00000007d5a80000, 0x00000007ffb00000, 0x0000000800000000)
  eden space 549376K, 0% used [0x00000007d5a80000,0x00000007d5a80000,0x00000007f7300000)
  from space 70144K, 57% used [0x00000007fb680000,0x00000007fddcdb78,0x00000007ffb00000)
  to   space 69120K, 0% used [0x00000007f7300000,0x00000007f7300000,0x00000007fb680000)
 ParOldGen       total 243200K, used 207897K [0x0000000781000000, 0x000000078fd80000, 0x00000007d5a80000)
  object space 243200K, 85% used [0x0000000781000000,0x000000078db06548,0x000000078fd80000)
 PSPermGen       total 70656K, used 55501K [0x0000000771000000, 0x0000000775500000, 0x0000000781000000)
  object space 70656K, 78% used [0x0000000771000000,0x0000000774633740,0x0000000775500000)
}
Event: 156.350 GC heap before
{Heap before GC invocations=33 (full 6):
 PSYoungGen      total 619520K, used 589622K [0x00000007d5a80000, 0x00000007ffb00000, 0x0000000800000000)
  eden space 549376K, 100% used [0x00000007d5a80000,0x00000007f7300000,0x00000007f7300000)
  from space 70144K, 57% used [0x00000007fb680000,0x00000007fddcdb78,0x00000007ffb00000)
  to   space 69120K, 0% used [0x00000007f7300000,0x00000007f7300000,0x00000007fb680000)
 ParOldGen       total 243200K, used 207897K [0x0000000781000000, 0x000000078fd80000, 0x00000007d5a80000)
  object space 243200K, 85% used [0x0000000781000000,0x000000078db06548,0x000000078fd80000)
 PSPermGen       total 70656K, used 55643K [0x0000000771000000, 0x0000000775500000, 0x0000000781000000)
  object space 70656K, 78% used [0x0000000771000000,0x0000000774656de0,0x0000000775500000)
Event: 156.369 GC heap after
Heap after GC invocations=33 (full 6):
 PSYoungGen      total 618496K, used 41752K [0x00000007d5a80000, 0x00000007ffc00000, 0x0000000800000000)
  eden space 549376K, 0% used [0x00000007d5a80000,0x00000007d5a80000,0x00000007f7300000)
  from space 69120K, 60% used [0x00000007f7300000,0x00000007f9bc6080,0x00000007fb680000)
  to   space 67584K, 0% used [0x00000007fba00000,0x00000007fba00000,0x00000007ffc00000)
 ParOldGen       total 243200K, used 207897K [0x0000000781000000, 0x000000078fd80000, 0x00000007d5a80000)
  object space 243200K, 85% used [0x0000000781000000,0x000000078db06548,0x000000078fd80000)
 PSPermGen       total 70656K, used 55643K [0x0000000771000000, 0x0000000775500000, 0x0000000781000000)
  object space 70656K, 78% used [0x0000000771000000,0x0000000774656de0,0x0000000775500000)
}
Event: 173.202 GC heap before
{Heap before GC invocations=34 (full 6):
 PSYoungGen      total 618496K, used 591128K [0x00000007d5a80000, 0x00000007ffc00000, 0x0000000800000000)
  eden space 549376K, 100% used [0x00000007d5a80000,0x00000007f7300000,0x00000007f7300000)
  from space 69120K, 60% used [0x00000007f7300000,0x00000007f9bc6080,0x00000007fb680000)
  to   space 67584K, 0% used [0x00000007fba00000,0x00000007fba00000,0x00000007ffc00000)
 ParOldGen       total 243200K, used 207897K [0x0000000781000000, 0x000000078fd80000, 0x00000007d5a80000)
  object space 243200K, 85% used [0x0000000781000000,0x000000078db06548,0x000000078fd80000)
 PSPermGen       total 70656K, used 55677K [0x0000000771000000, 0x0000000775500000, 0x0000000781000000)
  object space 70656K, 78% used [0x0000000771000000,0x000000077465f7d0,0x0000000775500000)
Event: 173.221 GC heap after
Heap after GC invocations=34 (full 6):
 PSYoungGen      total 623104K, used 40712K [0x00000007d5a80000, 0x00000007ffb80000, 0x0000000800000000)
  eden space 556032K, 0% used [0x00000007d5a80000,0x00000007d5a80000,0x00000007f7980000)
  from space 67072K, 60% used [0x00000007fba00000,0x00000007fe1c2090,0x00000007ffb80000)
  to   space 66048K, 0% used [0x00000007f7980000,0x00000007f7980000,0x00000007fba00000)
 ParOldGen       total 243200K, used 207897K [0x0000000781000000, 0x000000078fd80000, 0x00000007d5a80000)
  object space 243200K, 85% used [0x0000000781000000,0x000000078db06548,0x000000078fd80000)
 PSPermGen       total 70656K, used 55677K [0x0000000771000000, 0x0000000775500000, 0x0000000781000000)
  object space 70656K, 78% used [0x0000000771000000,0x000000077465f7d0,0x0000000775500000)
}
Event: 190.465 GC heap before
{Heap before GC invocations=35 (full 6):
 PSYoungGen      total 623104K, used 596744K [0x00000007d5a80000, 0x00000007ffb80000, 0x0000000800000000)
  eden space 556032K, 100% used [0x00000007d5a80000,0x00000007f7980000,0x00000007f7980000)
  from space 67072K, 60% used [0x00000007fba00000,0x00000007fe1c2090,0x00000007ffb80000)
  to   space 66048K, 0% used [0x00000007f7980000,0x00000007f7980000,0x00000007fba00000)
 ParOldGen       total 243200K, used 207897K [0x0000000781000000, 0x000000078fd80000, 0x00000007d5a80000)
  object space 243200K, 85% used [0x0000000781000000,0x000000078db06548,0x000000078fd80000)
 PSPermGen       total 70656K, used 55718K [0x0000000771000000, 0x0000000775500000, 0x0000000781000000)
  object space 70656K, 78% used [0x0000000771000000,0x0000000774669aa0,0x0000000775500000)
Event: 190.485 GC heap after
Heap after GC invocations=35 (full 6):
 PSYoungGen      total 622080K, used 41987K [0x00000007d5a80000, 0x00000007ffd00000, 0x0000000800000000)
  eden space 556032K, 0% used [0x00000007d5a80000,0x00000007d5a80000,0x00000007f7980000)
  from space 66048K, 63% used [0x00000007f7980000,0x00000007fa280ee8,0x00000007fba00000)
  to   space 65024K, 0% used [0x00000007fbd80000,0x00000007fbd80000,0x00000007ffd00000)
 ParOldGen       total 243200K, used 207897K [0x0000000781000000, 0x000000078fd80000, 0x00000007d5a80000)
  object space 243200K, 85% used [0x0000000781000000,0x000000078db06548,0x000000078fd80000)
 PSPermGen       total 70656K, used 55718K [0x0000000771000000, 0x0000000775500000, 0x0000000781000000)
  object space 70656K, 78% used [0x0000000771000000,0x0000000774669aa0,0x0000000775500000)
}
Event: 207.639 GC heap before
{Heap before GC invocations=36 (full 6):
 PSYoungGen      total 622080K, used 598019K [0x00000007d5a80000, 0x00000007ffd00000, 0x0000000800000000)
  eden space 556032K, 100% used [0x00000007d5a80000,0x00000007f7980000,0x00000007f7980000)
  from space 66048K, 63% used [0x00000007f7980000,0x00000007fa280ee8,0x00000007fba00000)
  to   space 65024K, 0% used [0x00000007fbd80000,0x00000007fbd80000,0x00000007ffd00000)
 ParOldGen       total 243200K, used 207897K [0x0000000781000000, 0x000000078fd80000, 0x00000007d5a80000)
  object space 243200K, 85% used [0x0000000781000000,0x000000078db06548,0x000000078fd80000)
 PSPermGen       total 70656K, used 55748K [0x0000000771000000, 0x0000000775500000, 0x0000000781000000)
  object space 70656K, 78% used [0x0000000771000000,0x0000000774671248,0x0000000775500000)
Event: 207.662 GC heap after
Heap after GC invocations=36 (full 6):
 PSYoungGen      total 626688K, used 42078K [0x00000007d5a80000, 0x00000007ffd00000, 0x0000000800000000)
  eden space 561664K, 0% used [0x00000007d5a80000,0x00000007d5a80000,0x00000007f7f00000)
  from space 65024K, 64% used [0x00000007fbd80000,0x00000007fe697b50,0x00000007ffd00000)
  to   space 64000K, 0% used [0x00000007f7f00000,0x00000007f7f00000,0x00000007fbd80000)
 ParOldGen       total 243200K, used 207897K [0x0000000781000000, 0x000000078fd80000, 0x00000007d5a80000)
  object space 243200K, 85% used [0x0000000781000000,0x000000078db06548,0x000000078fd80000)
 PSPermGen       total 70656K, used 55748K [0x0000000771000000, 0x0000000775500000, 0x0000000781000000)
  object space 70656K, 78% used [0x0000000771000000,0x0000000774671248,0x0000000775500000)
}

