# JRE version: Java(TM) SE Runtime Environment (7.0_55-b13) (build 1.7.0_55-b13)
# Java VM: Java HotSpot(TM) 64-Bit Server VM (24.55-b03 mixed mode windows-amd64 compressed oops)
Heap
 PSYoungGen      total 585216K, used 444841K [0x00000007d5a80000, 0x0000000800000000, 0x0000000800000000)
  eden space 507392K, 72% used [0x00000007d5a80000,0x00000007ec0ecc80,0x00000007f4a00000)
  from space 77824K, 99% used [0x00000007fb100000,0x00000007ffcfdb58,0x00000007ffd00000)
  to   space 93184K, 0% used [0x00000007f4a00000,0x00000007f4a00000,0x00000007fa500000)
 ParOldGen       total 246784K, used 139678K [0x0000000781000000, 0x0000000790100000, 0x00000007d5a80000)
  object space 246784K, 56% used [0x0000000781000000,0x00000007898678d0,0x0000000790100000)
 PSPermGen       total 47104K, used 36676K [0x0000000771000000, 0x0000000773e00000, 0x0000000781000000)
  object space 47104K, 77% used [0x0000000771000000,0x00000007733d10e8,0x0000000773e00000)
GC Heap History (10 events):
Event: 14.575 GC heap before
{Heap before GC invocations=17 (full 2):
 PSYoungGen      total 380416K, used 380405K [0x00000007d5a80000, 0x00000007f0f80000, 0x0000000800000000)
  eden space 353792K, 100% used [0x00000007d5a80000,0x00000007eb400000,0x00000007eb400000)
  from space 26624K, 99% used [0x00000007edd80000,0x00000007ef77d7b8,0x00000007ef780000)
  to   space 42496K, 0% used [0x00000007eb400000,0x00000007eb400000,0x00000007edd80000)
 ParOldGen       total 123392K, used 91988K [0x0000000781000000, 0x0000000788880000, 0x00000007d5a80000)
  object space 123392K, 74% used [0x0000000781000000,0x00000007869d5270,0x0000000788880000)
 PSPermGen       total 40448K, used 30096K [0x0000000771000000, 0x0000000773780000, 0x0000000781000000)
  object space 40448K, 74% used [0x0000000771000000,0x0000000772d64000,0x0000000773780000)
Event: 14.634 GC heap after
Heap after GC invocations=17 (full 2):
 PSYoungGen      total 396288K, used 42483K [0x00000007d5a80000, 0x00000007f9700000, 0x0000000800000000)
  eden space 353792K, 0% used [0x00000007d5a80000,0x00000007d5a80000,0x00000007eb400000)
  from space 42496K, 99% used [0x00000007eb400000,0x00000007edd7ccb0,0x00000007edd80000)
  to   space 64512K, 0% used [0x00000007f5800000,0x00000007f5800000,0x00000007f9700000)
 ParOldGen       total 133632K, used 133140K [0x0000000781000000, 0x0000000789280000, 0x00000007d5a80000)
  object space 133632K, 99% used [0x0000000781000000,0x00000007892052c0,0x0000000789280000)
 PSPermGen       total 40448K, used 30096K [0x0000000771000000, 0x0000000773780000, 0x0000000781000000)
  object space 40448K, 74% used [0x0000000771000000,0x0000000772d64000,0x0000000773780000)
}
Event: 14.634 GC heap before
{Heap before GC invocations=18 (full 3):
 PSYoungGen      total 396288K, used 42483K [0x00000007d5a80000, 0x00000007f9700000, 0x0000000800000000)
  eden space 353792K, 0% used [0x00000007d5a80000,0x00000007d5a80000,0x00000007eb400000)
  from space 42496K, 99% used [0x00000007eb400000,0x00000007edd7ccb0,0x00000007edd80000)
  to   space 64512K, 0% used [0x00000007f5800000,0x00000007f5800000,0x00000007f9700000)
 ParOldGen       total 133632K, used 133140K [0x0000000781000000, 0x0000000789280000, 0x00000007d5a80000)
  object space 133632K, 99% used [0x0000000781000000,0x00000007892052c0,0x0000000789280000)
 PSPermGen       total 40448K, used 30096K [0x0000000771000000, 0x0000000773780000, 0x0000000781000000)
  object space 40448K, 74% used [0x0000000771000000,0x0000000772d64000,0x0000000773780000)
Event: 15.105 GC heap after
Heap after GC invocations=18 (full 3):
 PSYoungGen      total 396288K, used 9963K [0x00000007d5a80000, 0x00000007f9700000, 0x0000000800000000)
  eden space 353792K, 0% used [0x00000007d5a80000,0x00000007d5a80000,0x00000007eb400000)
  from space 42496K, 23% used [0x00000007eb400000,0x00000007ebdbaf10,0x00000007edd80000)
  to   space 64512K, 0% used [0x00000007f5800000,0x00000007f5800000,0x00000007f9700000)
 ParOldGen       total 246784K, used 133365K [0x0000000781000000, 0x0000000790100000, 0x00000007d5a80000)
  object space 246784K, 54% used [0x0000000781000000,0x000000078923d660,0x0000000790100000)
 PSPermGen       total 47104K, used 30093K [0x0000000771000000, 0x0000000773e00000, 0x0000000781000000)
  object space 47104K, 63% used [0x0000000771000000,0x0000000772d63470,0x0000000773e00000)
}
Event: 16.473 GC heap before
{Heap before GC invocations=19 (full 3):
 PSYoungGen      total 396288K, used 363755K [0x00000007d5a80000, 0x00000007f9700000, 0x0000000800000000)
  eden space 353792K, 100% used [0x00000007d5a80000,0x00000007eb400000,0x00000007eb400000)
  from space 42496K, 23% used [0x00000007eb400000,0x00000007ebdbaf10,0x00000007edd80000)
  to   space 64512K, 0% used [0x00000007f5800000,0x00000007f5800000,0x00000007f9700000)
 ParOldGen       total 246784K, used 133365K [0x0000000781000000, 0x0000000790100000, 0x00000007d5a80000)
  object space 246784K, 54% used [0x0000000781000000,0x000000078923d660,0x0000000790100000)
 PSPermGen       total 47104K, used 31247K [0x0000000771000000, 0x0000000773e00000, 0x0000000781000000)
  object space 47104K, 66% used [0x0000000771000000,0x0000000772e83c88,0x0000000773e00000)
Event: 16.540 GC heap after
Heap after GC invocations=19 (full 3):
 PSYoungGen      total 489984K, used 52514K [0x00000007d5a80000, 0x00000007f8e00000, 0x0000000800000000)
  eden space 434688K, 0% used [0x00000007d5a80000,0x00000007d5a80000,0x00000007f0300000)
  from space 55296K, 94% used [0x00000007f5800000,0x00000007f8b489f8,0x00000007f8e00000)
  to   space 71168K, 0% used [0x00000007f0300000,0x00000007f0300000,0x00000007f4880000)
 ParOldGen       total 246784K, used 133528K [0x0000000781000000, 0x0000000790100000, 0x00000007d5a80000)
  object space 246784K, 54% used [0x0000000781000000,0x00000007892661b8,0x0000000790100000)
 PSPermGen       total 47104K, used 31247K [0x0000000771000000, 0x0000000773e00000, 0x0000000781000000)
  object space 47104K, 66% used [0x0000000771000000,0x0000000772e83c88,0x0000000773e00000)
}
Event: 17.656 GC heap before
{Heap before GC invocations=20 (full 3):
 PSYoungGen      total 489984K, used 487202K [0x00000007d5a80000, 0x00000007f8e00000, 0x0000000800000000)
  eden space 434688K, 100% used [0x00000007d5a80000,0x00000007f0300000,0x00000007f0300000)
  from space 55296K, 94% used [0x00000007f5800000,0x00000007f8b489f8,0x00000007f8e00000)
  to   space 71168K, 0% used [0x00000007f0300000,0x00000007f0300000,0x00000007f4880000)
 ParOldGen       total 246784K, used 133528K [0x0000000781000000, 0x0000000790100000, 0x00000007d5a80000)
  object space 246784K, 54% used [0x0000000781000000,0x00000007892661b8,0x0000000790100000)
 PSPermGen       total 47104K, used 33931K [0x0000000771000000, 0x0000000773e00000, 0x0000000781000000)
  object space 47104K, 72% used [0x0000000771000000,0x0000000773122ea8,0x0000000773e00000)
Event: 17.692 GC heap after
Heap after GC invocations=20 (full 3):
 PSYoungGen      total 505856K, used 57448K [0x00000007d5a80000, 0x00000007ffd00000, 0x0000000800000000)
  eden space 434688K, 0% used [0x00000007d5a80000,0x00000007d5a80000,0x00000007f0300000)
  from space 71168K, 80% used [0x00000007f0300000,0x00000007f3b1a3d0,0x00000007f4880000)
  to   space 77824K, 0% used [0x00000007fb100000,0x00000007fb100000,0x00000007ffd00000)
 ParOldGen       total 246784K, used 133528K [0x0000000781000000, 0x0000000790100000, 0x00000007d5a80000)
  object space 246784K, 54% used [0x0000000781000000,0x00000007892661b8,0x0000000790100000)
 PSPermGen       total 47104K, used 33931K [0x0000000771000000, 0x0000000773e00000, 0x0000000781000000)
  object space 47104K, 72% used [0x0000000771000000,0x0000000773122ea8,0x0000000773e00000)
}
Event: 18.592 GC heap before
{Heap before GC invocations=21 (full 3):
 PSYoungGen      total 505856K, used 492136K [0x00000007d5a80000, 0x00000007ffd00000, 0x0000000800000000)
  eden space 434688K, 100% used [0x00000007d5a80000,0x00000007f0300000,0x00000007f0300000)
  from space 71168K, 80% used [0x00000007f0300000,0x00000007f3b1a3d0,0x00000007f4880000)
  to   space 77824K, 0% used [0x00000007fb100000,0x00000007fb100000,0x00000007ffd00000)
 ParOldGen       total 246784K, used 133528K [0x0000000781000000, 0x0000000790100000, 0x00000007d5a80000)
  object space 246784K, 54% used [0x0000000781000000,0x00000007892661b8,0x0000000790100000)
 PSPermGen       total 47104K, used 35621K [0x0000000771000000, 0x0000000773e00000, 0x0000000781000000)
  object space 47104K, 75% used [0x0000000771000000,0x00000007732c9700,0x0000000773e00000)
Event: 18.644 GC heap after
Heap after GC invocations=21 (full 3):
 PSYoungGen      total 585216K, used 77814K [0x00000007d5a80000, 0x0000000800000000, 0x0000000800000000)
  eden space 507392K, 0% used [0x00000007d5a80000,0x00000007d5a80000,0x00000007f4a00000)
  from space 77824K, 99% used [0x00000007fb100000,0x00000007ffcfdb58,0x00000007ffd00000)
  to   space 93184K, 0% used [0x00000007f4a00000,0x00000007f4a00000,0x00000007fa500000)
 ParOldGen       total 246784K, used 139678K [0x0000000781000000, 0x0000000790100000, 0x00000007d5a80000)
  object space 246784K, 56% used [0x0000000781000000,0x00000007898678d0,0x0000000790100000)
 PSPermGen       total 47104K, used 35621K [0x0000000771000000, 0x0000000773e00000, 0x0000000781000000)
  object space 47104K, 75% used [0x0000000771000000,0x00000007732c9700,0x0000000773e00000)
}

