# JRE version: Java(TM) SE Runtime Environment (7.0_55-b13) (build 1.7.0_55-b13)
# Java VM: Java HotSpot(TM) 64-Bit Server VM (24.55-b03 mixed mode windows-amd64 compressed oops)
Heap
 PSYoungGen      total 636416K, used 31050K [0x00000007d5a80000, 0x00000007ff400000, 0x0000000800000000)
  eden space 593408K, 5% used [0x00000007d5a80000,0x00000007d78d29a0,0x00000007f9e00000)
  from space 43008K, 0% used [0x00000007fca00000,0x00000007fca00000,0x00000007ff400000)
  to   space 44032K, 0% used [0x00000007f9e00000,0x00000007f9e00000,0x00000007fc900000)
 ParOldGen       total 723968K, used 510702K [0x0000000781000000, 0x00000007ad300000, 0x00000007d5a80000)
  object space 723968K, 70% used [0x0000000781000000,0x00000007a02bb8f0,0x00000007ad300000)
 PSPermGen       total 127488K, used 104564K [0x0000000771000000, 0x0000000778c80000, 0x0000000781000000)
  object space 127488K, 82% used [0x0000000771000000,0x000000077761d170,0x0000000778c80000)
GC Heap History (10 events):
Event: 860.209 GC heap before
{Heap before GC invocations=137 (full 11):
 PSYoungGen      total 639488K, used 0K [0x00000007d5a80000, 0x00000007ff900000, 0x0000000800000000)
  eden space 593408K, 0% used [0x00000007d5a80000,0x00000007d5a80000,0x00000007f9e00000)
  from space 46080K, 0% used [0x00000007fcc00000,0x00000007fcc00000,0x00000007ff900000)
  to   space 46592K, 0% used [0x00000007f9e00000,0x00000007f9e00000,0x00000007fcb80000)
 ParOldGen       total 723968K, used 516991K [0x0000000781000000, 0x00000007ad300000, 0x00000007d5a80000)
  object space 723968K, 71% used [0x0000000781000000,0x00000007a08dfee8,0x00000007ad300000)
 PSPermGen       total 135168K, used 104507K [0x0000000771000000, 0x0000000779400000, 0x0000000781000000)
  object space 135168K, 77% used [0x0000000771000000,0x000000077760ece0,0x0000000779400000)
Event: 860.589 GC heap after
Heap after GC invocations=137 (full 11):
 PSYoungGen      total 639488K, used 0K [0x00000007d5a80000, 0x00000007ff900000, 0x0000000800000000)
  eden space 593408K, 0% used [0x00000007d5a80000,0x00000007d5a80000,0x00000007f9e00000)
  from space 46080K, 0% used [0x00000007fcc00000,0x00000007fcc00000,0x00000007ff900000)
  to   space 46592K, 0% used [0x00000007f9e00000,0x00000007f9e00000,0x00000007fcb80000)
 ParOldGen       total 723968K, used 516991K [0x0000000781000000, 0x00000007ad300000, 0x00000007d5a80000)
  object space 723968K, 71% used [0x0000000781000000,0x00000007a08dfee8,0x00000007ad300000)
 PSPermGen       total 132608K, used 104507K [0x0000000771000000, 0x0000000779180000, 0x0000000781000000)
  object space 132608K, 78% used [0x0000000771000000,0x000000077760ece0,0x0000000779180000)
}
Event: 861.229 GC heap before
{Heap before GC invocations=138 (full 11):
 PSYoungGen      total 639488K, used 41972K [0x00000007d5a80000, 0x00000007ff900000, 0x0000000800000000)
  eden space 593408K, 7% used [0x00000007d5a80000,0x00000007d837d350,0x00000007f9e00000)
  from space 46080K, 0% used [0x00000007fcc00000,0x00000007fcc00000,0x00000007ff900000)
  to   space 46592K, 0% used [0x00000007f9e00000,0x00000007f9e00000,0x00000007fcb80000)
 ParOldGen       total 723968K, used 516991K [0x0000000781000000, 0x00000007ad300000, 0x00000007d5a80000)
  object space 723968K, 71% used [0x0000000781000000,0x00000007a08dfee8,0x00000007ad300000)
 PSPermGen       total 132608K, used 104552K [0x0000000771000000, 0x0000000779180000, 0x0000000781000000)
  object space 132608K, 78% used [0x0000000771000000,0x000000077761a058,0x0000000779180000)
Event: 861.240 GC heap after
Heap after GC invocations=138 (full 11):
 PSYoungGen      total 594432K, used 656K [0x00000007d5a80000, 0x00000007ff600000, 0x0000000800000000)
  eden space 593408K, 0% used [0x00000007d5a80000,0x00000007d5a80000,0x00000007f9e00000)
  from space 1024K, 64% used [0x00000007f9e00000,0x00000007f9ea4010,0x00000007f9f00000)
  to   space 45056K, 0% used [0x00000007fca00000,0x00000007fca00000,0x00000007ff600000)
 ParOldGen       total 723968K, used 516991K [0x0000000781000000, 0x00000007ad300000, 0x00000007d5a80000)
  object space 723968K, 71% used [0x0000000781000000,0x00000007a08dfee8,0x00000007ad300000)
 PSPermGen       total 132608K, used 104552K [0x0000000771000000, 0x0000000779180000, 0x0000000781000000)
  object space 132608K, 78% used [0x0000000771000000,0x000000077761a058,0x0000000779180000)
}
Event: 861.240 GC heap before
{Heap before GC invocations=139 (full 12):
 PSYoungGen      total 594432K, used 656K [0x00000007d5a80000, 0x00000007ff600000, 0x0000000800000000)
  eden space 593408K, 0% used [0x00000007d5a80000,0x00000007d5a80000,0x00000007f9e00000)
  from space 1024K, 64% used [0x00000007f9e00000,0x00000007f9ea4010,0x00000007f9f00000)
  to   space 45056K, 0% used [0x00000007fca00000,0x00000007fca00000,0x00000007ff600000)
 ParOldGen       total 723968K, used 516991K [0x0000000781000000, 0x00000007ad300000, 0x00000007d5a80000)
  object space 723968K, 71% used [0x0000000781000000,0x00000007a08dfee8,0x00000007ad300000)
 PSPermGen       total 132608K, used 104552K [0x0000000771000000, 0x0000000779180000, 0x0000000781000000)
  object space 132608K, 78% used [0x0000000771000000,0x000000077761a058,0x0000000779180000)
Event: 862.131 GC heap after
Heap after GC invocations=139 (full 12):
 PSYoungGen      total 594432K, used 0K [0x00000007d5a80000, 0x00000007ff600000, 0x0000000800000000)
  eden space 593408K, 0% used [0x00000007d5a80000,0x00000007d5a80000,0x00000007f9e00000)
  from space 1024K, 0% used [0x00000007f9e00000,0x00000007f9e00000,0x00000007f9f00000)
  to   space 45056K, 0% used [0x00000007fca00000,0x00000007fca00000,0x00000007ff600000)
 ParOldGen       total 723968K, used 510702K [0x0000000781000000, 0x00000007ad300000, 0x00000007d5a80000)
  object space 723968K, 70% used [0x0000000781000000,0x00000007a02bb850,0x00000007ad300000)
 PSPermGen       total 130048K, used 104551K [0x0000000771000000, 0x0000000778f00000, 0x0000000781000000)
  object space 130048K, 80% used [0x0000000771000000,0x0000000777619cd8,0x0000000778f00000)
}
Event: 862.132 GC heap before
{Heap before GC invocations=140 (full 12):
 PSYoungGen      total 594432K, used 6384K [0x00000007d5a80000, 0x00000007ff600000, 0x0000000800000000)
  eden space 593408K, 1% used [0x00000007d5a80000,0x00000007d60bc2f0,0x00000007f9e00000)
  from space 1024K, 0% used [0x00000007f9e00000,0x00000007f9e00000,0x00000007f9f00000)
  to   space 45056K, 0% used [0x00000007fca00000,0x00000007fca00000,0x00000007ff600000)
 ParOldGen       total 723968K, used 510702K [0x0000000781000000, 0x00000007ad300000, 0x00000007d5a80000)
  object space 723968K, 70% used [0x0000000781000000,0x00000007a02bb850,0x00000007ad300000)
 PSPermGen       total 130048K, used 104551K [0x0000000771000000, 0x0000000778f00000, 0x0000000781000000)
  object space 130048K, 80% used [0x0000000771000000,0x0000000777619cd8,0x0000000778f00000)
Event: 862.140 GC heap after
Heap after GC invocations=140 (full 12):
 PSYoungGen      total 636416K, used 160K [0x00000007d5a80000, 0x00000007ff400000, 0x0000000800000000)
  eden space 593408K, 0% used [0x00000007d5a80000,0x00000007d5a80000,0x00000007f9e00000)
  from space 43008K, 0% used [0x00000007fca00000,0x00000007fca28000,0x00000007ff400000)
  to   space 44032K, 0% used [0x00000007f9e00000,0x00000007f9e00000,0x00000007fc900000)
 ParOldGen       total 723968K, used 510702K [0x0000000781000000, 0x00000007ad300000, 0x00000007d5a80000)
  object space 723968K, 70% used [0x0000000781000000,0x00000007a02bb850,0x00000007ad300000)
 PSPermGen       total 130048K, used 104551K [0x0000000771000000, 0x0000000778f00000, 0x0000000781000000)
  object space 130048K, 80% used [0x0000000771000000,0x0000000777619cd8,0x0000000778f00000)
}
Event: 862.140 GC heap before
{Heap before GC invocations=141 (full 13):
 PSYoungGen      total 636416K, used 160K [0x00000007d5a80000, 0x00000007ff400000, 0x0000000800000000)
  eden space 593408K, 0% used [0x00000007d5a80000,0x00000007d5a80000,0x00000007f9e00000)
  from space 43008K, 0% used [0x00000007fca00000,0x00000007fca28000,0x00000007ff400000)
  to   space 44032K, 0% used [0x00000007f9e00000,0x00000007f9e00000,0x00000007fc900000)
 ParOldGen       total 723968K, used 510702K [0x0000000781000000, 0x00000007ad300000, 0x00000007d5a80000)
  object space 723968K, 70% used [0x0000000781000000,0x00000007a02bb850,0x00000007ad300000)
 PSPermGen       total 130048K, used 104551K [0x0000000771000000, 0x0000000778f00000, 0x0000000781000000)
  object space 130048K, 80% used [0x0000000771000000,0x0000000777619cd8,0x0000000778f00000)
Event: 862.485 GC heap after
Heap after GC invocations=141 (full 13):
 PSYoungGen      total 636416K, used 0K [0x00000007d5a80000, 0x00000007ff400000, 0x0000000800000000)
  eden space 593408K, 0% used [0x00000007d5a80000,0x00000007d5a80000,0x00000007f9e00000)
  from space 43008K, 0% used [0x00000007fca00000,0x00000007fca00000,0x00000007ff400000)
  to   space 44032K, 0% used [0x00000007f9e00000,0x00000007f9e00000,0x00000007fc900000)
 ParOldGen       total 723968K, used 510702K [0x0000000781000000, 0x00000007ad300000, 0x00000007d5a80000)
  object space 723968K, 70% used [0x0000000781000000,0x00000007a02bb8f0,0x00000007ad300000)
 PSPermGen       total 127488K, used 104551K [0x0000000771000000, 0x0000000778c80000, 0x0000000781000000)
  object space 127488K, 82% used [0x0000000771000000,0x0000000777619cd8,0x0000000778c80000)
}

