# JRE version: Java(TM) SE Runtime Environment (7.0_55-b13) (build 1.7.0_55-b13)
# Java VM: Java HotSpot(TM) 64-Bit Server VM (24.55-b03 mixed mode windows-amd64 compressed oops)
Heap
 PSYoungGen      total 678400K, used 69876K [0x00000007d5a80000, 0x00000007ffb00000, 0x0000000800000000)
  eden space 668672K, 10% used [0x00000007d5a80000,0x00000007d9ead2f0,0x00000007fe780000)
  from space 9728K, 0% used [0x00000007fe780000,0x00000007fe790000,0x00000007ff100000)
  to   space 9216K, 0% used [0x00000007ff200000,0x00000007ff200000,0x00000007ffb00000)
 ParOldGen       total 614400K, used 490961K [0x0000000781000000, 0x00000007a6800000, 0x00000007d5a80000)
  object space 614400K, 79% used [0x0000000781000000,0x000000079ef745f0,0x00000007a6800000)
 PSPermGen       total 123392K, used 97946K [0x0000000771000000, 0x0000000778880000, 0x0000000781000000)
  object space 123392K, 79% used [0x0000000771000000,0x0000000776fa6aa8,0x0000000778880000)
GC Heap History (10 events):
Event: 2023.707 GC heap before
{Heap before GC invocations=326 (full 9):
 PSYoungGen      total 677376K, used 665760K [0x00000007d5a80000, 0x00000007ffc80000, 0x0000000800000000)
  eden space 665600K, 100% used [0x00000007d5a80000,0x00000007fe480000,0x00000007fe480000)
  from space 11776K, 1% used [0x00000007ff100000,0x00000007ff128000,0x00000007ffc80000)
  to   space 12288K, 0% used [0x00000007fe480000,0x00000007fe480000,0x00000007ff080000)
 ParOldGen       total 614400K, used 490961K [0x0000000781000000, 0x00000007a6800000, 0x00000007d5a80000)
  object space 614400K, 79% used [0x0000000781000000,0x000000079ef745f0,0x00000007a6800000)
 PSPermGen       total 123392K, used 97890K [0x0000000771000000, 0x0000000778880000, 0x0000000781000000)
  object space 123392K, 79% used [0x0000000771000000,0x0000000776f98908,0x0000000778880000)
Event: 2023.716 GC heap after
Heap after GC invocations=326 (full 9):
 PSYoungGen      total 677888K, used 96K [0x00000007d5a80000, 0x00000007ffd00000, 0x0000000800000000)
  eden space 665600K, 0% used [0x00000007d5a80000,0x00000007d5a80000,0x00000007fe480000)
  from space 12288K, 0% used [0x00000007fe480000,0x00000007fe498000,0x00000007ff080000)
  to   space 11776K, 0% used [0x00000007ff180000,0x00000007ff180000,0x00000007ffd00000)
 ParOldGen       total 614400K, used 490961K [0x0000000781000000, 0x00000007a6800000, 0x00000007d5a80000)
  object space 614400K, 79% used [0x0000000781000000,0x000000079ef745f0,0x00000007a6800000)
 PSPermGen       total 123392K, used 97890K [0x0000000771000000, 0x0000000778880000, 0x0000000781000000)
  object space 123392K, 79% used [0x0000000771000000,0x0000000776f98908,0x0000000778880000)
}
Event: 2059.149 GC heap before
{Heap before GC invocations=327 (full 9):
 PSYoungGen      total 677888K, used 665696K [0x00000007d5a80000, 0x00000007ffd00000, 0x0000000800000000)
  eden space 665600K, 100% used [0x00000007d5a80000,0x00000007fe480000,0x00000007fe480000)
  from space 12288K, 0% used [0x00000007fe480000,0x00000007fe498000,0x00000007ff080000)
  to   space 11776K, 0% used [0x00000007ff180000,0x00000007ff180000,0x00000007ffd00000)
 ParOldGen       total 614400K, used 490961K [0x0000000781000000, 0x00000007a6800000, 0x00000007d5a80000)
  object space 614400K, 79% used [0x0000000781000000,0x000000079ef745f0,0x00000007a6800000)
 PSPermGen       total 123392K, used 97890K [0x0000000771000000, 0x0000000778880000, 0x0000000781000000)
  object space 123392K, 79% used [0x0000000771000000,0x0000000776f98b50,0x0000000778880000)
Event: 2059.158 GC heap after
Heap after GC invocations=327 (full 9):
 PSYoungGen      total 677888K, used 64K [0x00000007d5a80000, 0x00000007ffc00000, 0x0000000800000000)
  eden space 667136K, 0% used [0x00000007d5a80000,0x00000007d5a80000,0x00000007fe600000)
  from space 10752K, 0% used [0x00000007ff180000,0x00000007ff190000,0x00000007ffc00000)
  to   space 11264K, 0% used [0x00000007fe600000,0x00000007fe600000,0x00000007ff100000)
 ParOldGen       total 614400K, used 490961K [0x0000000781000000, 0x00000007a6800000, 0x00000007d5a80000)
  object space 614400K, 79% used [0x0000000781000000,0x000000079ef745f0,0x00000007a6800000)
 PSPermGen       total 123392K, used 97890K [0x0000000771000000, 0x0000000778880000, 0x0000000781000000)
  object space 123392K, 79% used [0x0000000771000000,0x0000000776f98b50,0x0000000778880000)
}
Event: 2094.299 GC heap before
{Heap before GC invocations=328 (full 9):
 PSYoungGen      total 677888K, used 667200K [0x00000007d5a80000, 0x00000007ffc00000, 0x0000000800000000)
  eden space 667136K, 100% used [0x00000007d5a80000,0x00000007fe600000,0x00000007fe600000)
  from space 10752K, 0% used [0x00000007ff180000,0x00000007ff190000,0x00000007ffc00000)
  to   space 11264K, 0% used [0x00000007fe600000,0x00000007fe600000,0x00000007ff100000)
 ParOldGen       total 614400K, used 490961K [0x0000000781000000, 0x00000007a6800000, 0x00000007d5a80000)
  object space 614400K, 79% used [0x0000000781000000,0x000000079ef745f0,0x00000007a6800000)
 PSPermGen       total 123392K, used 97891K [0x0000000771000000, 0x0000000778880000, 0x0000000781000000)
  object space 123392K, 79% used [0x0000000771000000,0x0000000776f98c50,0x0000000778880000)
Event: 2094.306 GC heap after
Heap after GC invocations=328 (full 9):
 PSYoungGen      total 678400K, used 64K [0x00000007d5a80000, 0x00000007ffc80000, 0x0000000800000000)
  eden space 667136K, 0% used [0x00000007d5a80000,0x00000007d5a80000,0x00000007fe600000)
  from space 11264K, 0% used [0x00000007fe600000,0x00000007fe610000,0x00000007ff100000)
  to   space 10752K, 0% used [0x00000007ff200000,0x00000007ff200000,0x00000007ffc80000)
 ParOldGen       total 614400K, used 490961K [0x0000000781000000, 0x00000007a6800000, 0x00000007d5a80000)
  object space 614400K, 79% used [0x0000000781000000,0x000000079ef745f0,0x00000007a6800000)
 PSPermGen       total 123392K, used 97891K [0x0000000771000000, 0x0000000778880000, 0x0000000781000000)
  object space 123392K, 79% used [0x0000000771000000,0x0000000776f98c50,0x0000000778880000)
}
Event: 2129.737 GC heap before
{Heap before GC invocations=329 (full 9):
 PSYoungGen      total 678400K, used 667200K [0x00000007d5a80000, 0x00000007ffc80000, 0x0000000800000000)
  eden space 667136K, 100% used [0x00000007d5a80000,0x00000007fe600000,0x00000007fe600000)
  from space 11264K, 0% used [0x00000007fe600000,0x00000007fe610000,0x00000007ff100000)
  to   space 10752K, 0% used [0x00000007ff200000,0x00000007ff200000,0x00000007ffc80000)
 ParOldGen       total 614400K, used 490961K [0x0000000781000000, 0x00000007a6800000, 0x00000007d5a80000)
  object space 614400K, 79% used [0x0000000781000000,0x000000079ef745f0,0x00000007a6800000)
 PSPermGen       total 123392K, used 97891K [0x0000000771000000, 0x0000000778880000, 0x0000000781000000)
  object space 123392K, 79% used [0x0000000771000000,0x0000000776f98c50,0x0000000778880000)
Event: 2129.744 GC heap after
Heap after GC invocations=329 (full 9):
 PSYoungGen      total 677376K, used 96K [0x00000007d5a80000, 0x00000007ffa80000, 0x0000000800000000)
  eden space 668672K, 0% used [0x00000007d5a80000,0x00000007d5a80000,0x00000007fe780000)
  from space 8704K, 1% used [0x00000007ff200000,0x00000007ff218000,0x00000007ffa80000)
  to   space 9728K, 0% used [0x00000007fe780000,0x00000007fe780000,0x00000007ff100000)
 ParOldGen       total 614400K, used 490961K [0x0000000781000000, 0x00000007a6800000, 0x00000007d5a80000)
  object space 614400K, 79% used [0x0000000781000000,0x000000079ef745f0,0x00000007a6800000)
 PSPermGen       total 123392K, used 97891K [0x0000000771000000, 0x0000000778880000, 0x0000000781000000)
  object space 123392K, 79% used [0x0000000771000000,0x0000000776f98c50,0x0000000778880000)
}
Event: 2165.271 GC heap before
{Heap before GC invocations=330 (full 9):
 PSYoungGen      total 677376K, used 668768K [0x00000007d5a80000, 0x00000007ffa80000, 0x0000000800000000)
  eden space 668672K, 100% used [0x00000007d5a80000,0x00000007fe780000,0x00000007fe780000)
  from space 8704K, 1% used [0x00000007ff200000,0x00000007ff218000,0x00000007ffa80000)
  to   space 9728K, 0% used [0x00000007fe780000,0x00000007fe780000,0x00000007ff100000)
 ParOldGen       total 614400K, used 490961K [0x0000000781000000, 0x00000007a6800000, 0x00000007d5a80000)
  object space 614400K, 79% used [0x0000000781000000,0x000000079ef745f0,0x00000007a6800000)
 PSPermGen       total 123392K, used 97895K [0x0000000771000000, 0x0000000778880000, 0x0000000781000000)
  object space 123392K, 79% used [0x0000000771000000,0x0000000776f99ef0,0x0000000778880000)
Event: 2165.280 GC heap after
Heap after GC invocations=330 (full 9):
 PSYoungGen      total 678400K, used 64K [0x00000007d5a80000, 0x00000007ffb00000, 0x0000000800000000)
  eden space 668672K, 0% used [0x00000007d5a80000,0x00000007d5a80000,0x00000007fe780000)
  from space 9728K, 0% used [0x00000007fe780000,0x00000007fe790000,0x00000007ff100000)
  to   space 9216K, 0% used [0x00000007ff200000,0x00000007ff200000,0x00000007ffb00000)
 ParOldGen       total 614400K, used 490961K [0x0000000781000000, 0x00000007a6800000, 0x00000007d5a80000)
  object space 614400K, 79% used [0x0000000781000000,0x000000079ef745f0,0x00000007a6800000)
 PSPermGen       total 123392K, used 97895K [0x0000000771000000, 0x0000000778880000, 0x0000000781000000)
  object space 123392K, 79% used [0x0000000771000000,0x0000000776f99ef0,0x0000000778880000)
}

