# JRE version: Java(TM) SE Runtime Environment (7.0_55-b13) (build 1.7.0_55-b13)
# Java VM: Java HotSpot(TM) 64-Bit Server VM (24.55-b03 mixed mode windows-amd64 compressed oops)
Heap
 PSYoungGen      total 462848K, used 20899K [0x00000007d5a80000, 0x00000007f5d80000, 0x0000000800000000)
  eden space 399360K, 5% used [0x00000007d5a80000,0x00000007d6ee8fb8,0x00000007ee080000)
  from space 63488K, 0% used [0x00000007f1f80000,0x00000007f1f80000,0x00000007f5d80000)
  to   space 64000K, 0% used [0x00000007ee080000,0x00000007ee080000,0x00000007f1f00000)
 ParOldGen       total 354304K, used 272104K [0x0000000781000000, 0x0000000796a00000, 0x00000007d5a80000)
  object space 354304K, 76% used [0x0000000781000000,0x00000007919ba2f0,0x0000000796a00000)
 PSPermGen       total 79360K, used 57483K [0x0000000771000000, 0x0000000775d80000, 0x0000000781000000)
  object space 79360K, 72% used [0x0000000771000000,0x0000000774822d80,0x0000000775d80000)
GC Heap History (10 events):
Event: 1104.433 GC heap before
{Heap before GC invocations=50 (full 7):
 PSYoungGen      total 495616K, used 458792K [0x00000007d5a80000, 0x00000007f8a00000, 0x0000000800000000)
  eden space 450048K, 100% used [0x00000007d5a80000,0x00000007f1200000,0x00000007f1200000)
  from space 45568K, 19% used [0x00000007f5d80000,0x00000007f660a060,0x00000007f8a00000)
  to   space 61440K, 0% used [0x00000007f1200000,0x00000007f1200000,0x00000007f4e00000)
 ParOldGen       total 354304K, used 272550K [0x0000000781000000, 0x0000000796a00000, 0x00000007d5a80000)
  object space 354304K, 76% used [0x0000000781000000,0x0000000791a298b8,0x0000000796a00000)
 PSPermGen       total 78336K, used 57442K [0x0000000771000000, 0x0000000775c80000, 0x0000000781000000)
  object space 78336K, 73% used [0x0000000771000000,0x0000000774818a78,0x0000000775c80000)
Event: 1104.441 GC heap after
Heap after GC invocations=50 (full 7):
 PSYoungGen      total 438784K, used 6173K [0x00000007d5a80000, 0x00000007f7b80000, 0x0000000800000000)
  eden space 432128K, 0% used [0x00000007d5a80000,0x00000007d5a80000,0x00000007f0080000)
  from space 6656K, 92% used [0x00000007f1200000,0x00000007f1807470,0x00000007f1880000)
  to   space 62976K, 0% used [0x00000007f3e00000,0x00000007f3e00000,0x00000007f7b80000)
 ParOldGen       total 354304K, used 275256K [0x0000000781000000, 0x0000000796a00000, 0x00000007d5a80000)
  object space 354304K, 77% used [0x0000000781000000,0x0000000791cce210,0x0000000796a00000)
 PSPermGen       total 78336K, used 57442K [0x0000000771000000, 0x0000000775c80000, 0x0000000781000000)
  object space 78336K, 73% used [0x0000000771000000,0x0000000774818a78,0x0000000775c80000)
}
Event: 1180.095 GC heap before
{Heap before GC invocations=51 (full 7):
 PSYoungGen      total 438784K, used 438301K [0x00000007d5a80000, 0x00000007f7b80000, 0x0000000800000000)
  eden space 432128K, 100% used [0x00000007d5a80000,0x00000007f0080000,0x00000007f0080000)
  from space 6656K, 92% used [0x00000007f1200000,0x00000007f1807470,0x00000007f1880000)
  to   space 62976K, 0% used [0x00000007f3e00000,0x00000007f3e00000,0x00000007f7b80000)
 ParOldGen       total 354304K, used 275256K [0x0000000781000000, 0x0000000796a00000, 0x00000007d5a80000)
  object space 354304K, 77% used [0x0000000781000000,0x0000000791cce210,0x0000000796a00000)
 PSPermGen       total 78336K, used 57442K [0x0000000771000000, 0x0000000775c80000, 0x0000000781000000)
  object space 78336K, 73% used [0x0000000771000000,0x0000000774818a78,0x0000000775c80000)
Event: 1180.102 GC heap after
Heap after GC invocations=51 (full 7):
 PSYoungGen      total 463360K, used 5885K [0x00000007d5a80000, 0x00000007f6d00000, 0x0000000800000000)
  eden space 415232K, 0% used [0x00000007d5a80000,0x00000007d5a80000,0x00000007ef000000)
  from space 48128K, 12% used [0x00000007f3e00000,0x00000007f43bf470,0x00000007f6d00000)
  to   space 64000K, 0% used [0x00000007ef000000,0x00000007ef000000,0x00000007f2e80000)
 ParOldGen       total 354304K, used 275560K [0x0000000781000000, 0x0000000796a00000, 0x00000007d5a80000)
  object space 354304K, 77% used [0x0000000781000000,0x0000000791d1a2b0,0x0000000796a00000)
 PSPermGen       total 78336K, used 57442K [0x0000000771000000, 0x0000000775c80000, 0x0000000781000000)
  object space 78336K, 73% used [0x0000000771000000,0x0000000774818a78,0x0000000775c80000)
}
Event: 1248.765 GC heap before
{Heap before GC invocations=52 (full 7):
 PSYoungGen      total 463360K, used 421117K [0x00000007d5a80000, 0x00000007f6d00000, 0x0000000800000000)
  eden space 415232K, 100% used [0x00000007d5a80000,0x00000007ef000000,0x00000007ef000000)
  from space 48128K, 12% used [0x00000007f3e00000,0x00000007f43bf470,0x00000007f6d00000)
  to   space 64000K, 0% used [0x00000007ef000000,0x00000007ef000000,0x00000007f2e80000)
 ParOldGen       total 354304K, used 275560K [0x0000000781000000, 0x0000000796a00000, 0x00000007d5a80000)
  object space 354304K, 77% used [0x0000000781000000,0x0000000791d1a2b0,0x0000000796a00000)
 PSPermGen       total 78336K, used 57442K [0x0000000771000000, 0x0000000775c80000, 0x0000000781000000)
  object space 78336K, 73% used [0x0000000771000000,0x0000000774818a78,0x0000000775c80000)
Event: 1248.771 GC heap after
Heap after GC invocations=52 (full 7):
 PSYoungGen      total 405504K, used 5869K [0x00000007d5a80000, 0x00000007f5e80000, 0x0000000800000000)
  eden space 399360K, 0% used [0x00000007d5a80000,0x00000007d5a80000,0x00000007ee080000)
  from space 6144K, 95% used [0x00000007ef000000,0x00000007ef5bb480,0x00000007ef600000)
  to   space 64512K, 0% used [0x00000007f1f80000,0x00000007f1f80000,0x00000007f5e80000)
 ParOldGen       total 354304K, used 275568K [0x0000000781000000, 0x0000000796a00000, 0x00000007d5a80000)
  object space 354304K, 77% used [0x0000000781000000,0x0000000791d1c2b0,0x0000000796a00000)
 PSPermGen       total 78336K, used 57442K [0x0000000771000000, 0x0000000775c80000, 0x0000000781000000)
  object space 78336K, 73% used [0x0000000771000000,0x0000000774818a78,0x0000000775c80000)
}
Event: 1311.158 GC heap before
{Heap before GC invocations=53 (full 7):
 PSYoungGen      total 405504K, used 368725K [0x00000007d5a80000, 0x00000007f5e80000, 0x0000000800000000)
  eden space 399360K, 90% used [0x00000007d5a80000,0x00000007ebcda308,0x00000007ee080000)
  from space 6144K, 95% used [0x00000007ef000000,0x00000007ef5bb480,0x00000007ef600000)
  to   space 64512K, 0% used [0x00000007f1f80000,0x00000007f1f80000,0x00000007f5e80000)
 ParOldGen       total 354304K, used 275568K [0x0000000781000000, 0x0000000796a00000, 0x00000007d5a80000)
  object space 354304K, 77% used [0x0000000781000000,0x0000000791d1c2b0,0x0000000796a00000)
 PSPermGen       total 78336K, used 57475K [0x0000000771000000, 0x0000000775c80000, 0x0000000781000000)
  object space 78336K, 73% used [0x0000000771000000,0x0000000774820f88,0x0000000775c80000)
Event: 1311.166 GC heap after
Heap after GC invocations=53 (full 7):
 PSYoungGen      total 462848K, used 6053K [0x00000007d5a80000, 0x00000007f5d80000, 0x0000000800000000)
  eden space 399360K, 0% used [0x00000007d5a80000,0x00000007d5a80000,0x00000007ee080000)
  from space 63488K, 9% used [0x00000007f1f80000,0x00000007f2569628,0x00000007f5d80000)
  to   space 64000K, 0% used [0x00000007ee080000,0x00000007ee080000,0x00000007f1f00000)
 ParOldGen       total 354304K, used 275576K [0x0000000781000000, 0x0000000796a00000, 0x00000007d5a80000)
  object space 354304K, 77% used [0x0000000781000000,0x0000000791d1e2b0,0x0000000796a00000)
 PSPermGen       total 78336K, used 57475K [0x0000000771000000, 0x0000000775c80000, 0x0000000781000000)
  object space 78336K, 73% used [0x0000000771000000,0x0000000774820f88,0x0000000775c80000)
}
Event: 1311.166 GC heap before
{Heap before GC invocations=54 (full 8):
 PSYoungGen      total 462848K, used 6053K [0x00000007d5a80000, 0x00000007f5d80000, 0x0000000800000000)
  eden space 399360K, 0% used [0x00000007d5a80000,0x00000007d5a80000,0x00000007ee080000)
  from space 63488K, 9% used [0x00000007f1f80000,0x00000007f2569628,0x00000007f5d80000)
  to   space 64000K, 0% used [0x00000007ee080000,0x00000007ee080000,0x00000007f1f00000)
 ParOldGen       total 354304K, used 275576K [0x0000000781000000, 0x0000000796a00000, 0x00000007d5a80000)
  object space 354304K, 77% used [0x0000000781000000,0x0000000791d1e2b0,0x0000000796a00000)
 PSPermGen       total 78336K, used 57475K [0x0000000771000000, 0x0000000775c80000, 0x0000000781000000)
  object space 78336K, 73% used [0x0000000771000000,0x0000000774820f88,0x0000000775c80000)
Event: 1311.959 GC heap after
Heap after GC invocations=54 (full 8):
 PSYoungGen      total 462848K, used 0K [0x00000007d5a80000, 0x00000007f5d80000, 0x0000000800000000)
  eden space 399360K, 0% used [0x00000007d5a80000,0x00000007d5a80000,0x00000007ee080000)
  from space 63488K, 0% used [0x00000007f1f80000,0x00000007f1f80000,0x00000007f5d80000)
  to   space 64000K, 0% used [0x00000007ee080000,0x00000007ee080000,0x00000007f1f00000)
 ParOldGen       total 354304K, used 272104K [0x0000000781000000, 0x0000000796a00000, 0x00000007d5a80000)
  object space 354304K, 76% used [0x0000000781000000,0x00000007919ba2f0,0x0000000796a00000)
 PSPermGen       total 79360K, used 57467K [0x0000000771000000, 0x0000000775d80000, 0x0000000781000000)
  object space 79360K, 72% used [0x0000000771000000,0x000000077481ee00,0x0000000775d80000)
}

