# JRE version: Java(TM) SE Runtime Environment (7.0_55-b13) (build 1.7.0_55-b13)
# Java VM: Java HotSpot(TM) 64-Bit Server VM (24.55-b03 mixed mode windows-amd64 compressed oops)
Heap
 PSYoungGen      total 265216K, used 161128K [0x00000007d5a80000, 0x00000007e5e80000, 0x0000000800000000)
  eden space 264704K, 60% used [0x00000007d5a80000,0x00000007df7c2370,0x00000007e5d00000)
  from space 512K, 18% used [0x00000007e5d80000,0x00000007e5d98000,0x00000007e5e00000)
  to   space 512K, 0% used [0x00000007e5d00000,0x00000007e5d00000,0x00000007e5d80000)
 ParOldGen       total 695808K, used 513750K [0x0000000781000000, 0x00000007ab780000, 0x00000007d5a80000)
  object space 695808K, 73% used [0x0000000781000000,0x00000007a05b5970,0x00000007ab780000)
 PSPermGen       total 137728K, used 105953K [0x0000000771000000, 0x0000000779680000, 0x0000000781000000)
  object space 137728K, 76% used [0x0000000771000000,0x0000000777778640,0x0000000779680000)
GC Heap History (10 events):
Event: 2406.450 GC heap before
{Heap before GC invocations=205 (full 9):
 PSYoungGen      total 261120K, used 260192K [0x00000007d5a80000, 0x00000007e5c00000, 0x0000000800000000)
  eden space 260096K, 100% used [0x00000007d5a80000,0x00000007e5880000,0x00000007e5880000)
  from space 1024K, 9% used [0x00000007e5880000,0x00000007e5898000,0x00000007e5980000)
  to   space 1024K, 0% used [0x00000007e5b00000,0x00000007e5b00000,0x00000007e5c00000)
 ParOldGen       total 695808K, used 513742K [0x0000000781000000, 0x00000007ab780000, 0x00000007d5a80000)
  object space 695808K, 73% used [0x0000000781000000,0x00000007a05b3970,0x00000007ab780000)
 PSPermGen       total 137728K, used 105455K [0x0000000771000000, 0x0000000779680000, 0x0000000781000000)
  object space 137728K, 76% used [0x0000000771000000,0x00000007776fbf28,0x0000000779680000)
Event: 2406.461 GC heap after
Heap after GC invocations=205 (full 9):
 PSYoungGen      total 262656K, used 128K [0x00000007d5a80000, 0x00000007e5c00000, 0x0000000800000000)
  eden space 261632K, 0% used [0x00000007d5a80000,0x00000007d5a80000,0x00000007e5a00000)
  from space 1024K, 12% used [0x00000007e5b00000,0x00000007e5b20000,0x00000007e5c00000)
  to   space 1024K, 0% used [0x00000007e5a00000,0x00000007e5a00000,0x00000007e5b00000)
 ParOldGen       total 695808K, used 513742K [0x0000000781000000, 0x00000007ab780000, 0x00000007d5a80000)
  object space 695808K, 73% used [0x0000000781000000,0x00000007a05b3970,0x00000007ab780000)
 PSPermGen       total 137728K, used 105455K [0x0000000771000000, 0x0000000779680000, 0x0000000781000000)
  object space 137728K, 76% used [0x0000000771000000,0x00000007776fbf28,0x0000000779680000)
}
Event: 2423.949 GC heap before
{Heap before GC invocations=206 (full 9):
 PSYoungGen      total 262656K, used 261760K [0x00000007d5a80000, 0x00000007e5c00000, 0x0000000800000000)
  eden space 261632K, 100% used [0x00000007d5a80000,0x00000007e5a00000,0x00000007e5a00000)
  from space 1024K, 12% used [0x00000007e5b00000,0x00000007e5b20000,0x00000007e5c00000)
  to   space 1024K, 0% used [0x00000007e5a00000,0x00000007e5a00000,0x00000007e5b00000)
 ParOldGen       total 695808K, used 513742K [0x0000000781000000, 0x00000007ab780000, 0x00000007d5a80000)
  object space 695808K, 73% used [0x0000000781000000,0x00000007a05b3970,0x00000007ab780000)
 PSPermGen       total 137728K, used 105591K [0x0000000771000000, 0x0000000779680000, 0x0000000781000000)
  object space 137728K, 76% used [0x0000000771000000,0x000000077771ddb0,0x0000000779680000)
Event: 2423.963 GC heap after
Heap after GC invocations=206 (full 9):
 PSYoungGen      total 262656K, used 32K [0x00000007d5a80000, 0x00000007e5d80000, 0x0000000800000000)
  eden space 261632K, 0% used [0x00000007d5a80000,0x00000007d5a80000,0x00000007e5a00000)
  from space 1024K, 3% used [0x00000007e5a00000,0x00000007e5a08000,0x00000007e5b00000)
  to   space 1024K, 0% used [0x00000007e5c80000,0x00000007e5c80000,0x00000007e5d80000)
 ParOldGen       total 695808K, used 513750K [0x0000000781000000, 0x00000007ab780000, 0x00000007d5a80000)
  object space 695808K, 73% used [0x0000000781000000,0x00000007a05b5970,0x00000007ab780000)
 PSPermGen       total 137728K, used 105591K [0x0000000771000000, 0x0000000779680000, 0x0000000781000000)
  object space 137728K, 76% used [0x0000000771000000,0x000000077771ddb0,0x0000000779680000)
}
Event: 2441.424 GC heap before
{Heap before GC invocations=207 (full 9):
 PSYoungGen      total 262656K, used 261664K [0x00000007d5a80000, 0x00000007e5d80000, 0x0000000800000000)
  eden space 261632K, 100% used [0x00000007d5a80000,0x00000007e5a00000,0x00000007e5a00000)
  from space 1024K, 3% used [0x00000007e5a00000,0x00000007e5a08000,0x00000007e5b00000)
  to   space 1024K, 0% used [0x00000007e5c80000,0x00000007e5c80000,0x00000007e5d80000)
 ParOldGen       total 695808K, used 513750K [0x0000000781000000, 0x00000007ab780000, 0x00000007d5a80000)
  object space 695808K, 73% used [0x0000000781000000,0x00000007a05b5970,0x00000007ab780000)
 PSPermGen       total 137728K, used 105591K [0x0000000771000000, 0x0000000779680000, 0x0000000781000000)
  object space 137728K, 76% used [0x0000000771000000,0x000000077771ddb0,0x0000000779680000)
Event: 2441.435 GC heap after
Heap after GC invocations=207 (full 9):
 PSYoungGen      total 263680K, used 96K [0x00000007d5a80000, 0x00000007e5d00000, 0x0000000800000000)
  eden space 263168K, 0% used [0x00000007d5a80000,0x00000007d5a80000,0x00000007e5b80000)
  from space 512K, 18% used [0x00000007e5c80000,0x00000007e5c98000,0x00000007e5d00000)
  to   space 512K, 0% used [0x00000007e5c00000,0x00000007e5c00000,0x00000007e5c80000)
 ParOldGen       total 695808K, used 513750K [0x0000000781000000, 0x00000007ab780000, 0x00000007d5a80000)
  object space 695808K, 73% used [0x0000000781000000,0x00000007a05b5970,0x00000007ab780000)
 PSPermGen       total 137728K, used 105591K [0x0000000771000000, 0x0000000779680000, 0x0000000781000000)
  object space 137728K, 76% used [0x0000000771000000,0x000000077771ddb0,0x0000000779680000)
}
Event: 2459.408 GC heap before
{Heap before GC invocations=208 (full 9):
 PSYoungGen      total 263680K, used 263264K [0x00000007d5a80000, 0x00000007e5d00000, 0x0000000800000000)
  eden space 263168K, 100% used [0x00000007d5a80000,0x00000007e5b80000,0x00000007e5b80000)
  from space 512K, 18% used [0x00000007e5c80000,0x00000007e5c98000,0x00000007e5d00000)
  to   space 512K, 0% used [0x00000007e5c00000,0x00000007e5c00000,0x00000007e5c80000)
 ParOldGen       total 695808K, used 513750K [0x0000000781000000, 0x00000007ab780000, 0x00000007d5a80000)
  object space 695808K, 73% used [0x0000000781000000,0x00000007a05b5970,0x00000007ab780000)
 PSPermGen       total 137728K, used 105591K [0x0000000771000000, 0x0000000779680000, 0x0000000781000000)
  object space 137728K, 76% used [0x0000000771000000,0x000000077771ddb0,0x0000000779680000)
Event: 2459.424 GC heap after
Heap after GC invocations=208 (full 9):
 PSYoungGen      total 264192K, used 96K [0x00000007d5a80000, 0x00000007e5e00000, 0x0000000800000000)
  eden space 263680K, 0% used [0x00000007d5a80000,0x00000007d5a80000,0x00000007e5c00000)
  from space 512K, 18% used [0x00000007e5c00000,0x00000007e5c18000,0x00000007e5c80000)
  to   space 512K, 0% used [0x00000007e5d80000,0x00000007e5d80000,0x00000007e5e00000)
 ParOldGen       total 695808K, used 513750K [0x0000000781000000, 0x00000007ab780000, 0x00000007d5a80000)
  object space 695808K, 73% used [0x0000000781000000,0x00000007a05b5970,0x00000007ab780000)
 PSPermGen       total 137728K, used 105591K [0x0000000771000000, 0x0000000779680000, 0x0000000781000000)
  object space 137728K, 76% used [0x0000000771000000,0x000000077771ddb0,0x0000000779680000)
}
Event: 2477.503 GC heap before
{Heap before GC invocations=209 (full 9):
 PSYoungGen      total 264192K, used 263776K [0x00000007d5a80000, 0x00000007e5e00000, 0x0000000800000000)
  eden space 263680K, 100% used [0x00000007d5a80000,0x00000007e5c00000,0x00000007e5c00000)
  from space 512K, 18% used [0x00000007e5c00000,0x00000007e5c18000,0x00000007e5c80000)
  to   space 512K, 0% used [0x00000007e5d80000,0x00000007e5d80000,0x00000007e5e00000)
 ParOldGen       total 695808K, used 513750K [0x0000000781000000, 0x00000007ab780000, 0x00000007d5a80000)
  object space 695808K, 73% used [0x0000000781000000,0x00000007a05b5970,0x00000007ab780000)
 PSPermGen       total 137728K, used 105591K [0x0000000771000000, 0x0000000779680000, 0x0000000781000000)
  object space 137728K, 76% used [0x0000000771000000,0x000000077771ddb0,0x0000000779680000)
Event: 2477.515 GC heap after
Heap after GC invocations=209 (full 9):
 PSYoungGen      total 265216K, used 96K [0x00000007d5a80000, 0x00000007e5e80000, 0x0000000800000000)
  eden space 264704K, 0% used [0x00000007d5a80000,0x00000007d5a80000,0x00000007e5d00000)
  from space 512K, 18% used [0x00000007e5d80000,0x00000007e5d98000,0x00000007e5e00000)
  to   space 512K, 0% used [0x00000007e5d00000,0x00000007e5d00000,0x00000007e5d80000)
 ParOldGen       total 695808K, used 513750K [0x0000000781000000, 0x00000007ab780000, 0x00000007d5a80000)
  object space 695808K, 73% used [0x0000000781000000,0x00000007a05b5970,0x00000007ab780000)
 PSPermGen       total 137728K, used 105591K [0x0000000771000000, 0x0000000779680000, 0x0000000781000000)
  object space 137728K, 76% used [0x0000000771000000,0x000000077771ddb0,0x0000000779680000)
}

