# JRE version: Java(TM) SE Runtime Environment (7.0_55-b13) (build 1.7.0_55-b13)
# Java VM: Java HotSpot(TM) 64-Bit Server VM (24.55-b03 mixed mode windows-amd64 compressed oops)
Heap
 PSYoungGen      total 615936K, used 370769K [0x00000007d5a80000, 0x0000000800000000, 0x0000000800000000)
  eden space 540672K, 66% used [0x00000007d5a80000,0x00000007eb7d14e0,0x00000007f6a80000)
  from space 75264K, 17% used [0x00000007f6a80000,0x00000007f77430b8,0x00000007fb400000)
  to   space 75776K, 0% used [0x00000007fb600000,0x00000007fb600000,0x0000000800000000)
 ParOldGen       total 690176K, used 549091K [0x0000000781000000, 0x00000007ab200000, 0x00000007d5a80000)
  object space 690176K, 79% used [0x0000000781000000,0x00000007a2838f40,0x00000007ab200000)
 PSPermGen       total 127488K, used 102275K [0x0000000771000000, 0x0000000778c80000, 0x0000000781000000)
  object space 127488K, 80% used [0x0000000771000000,0x00000007773e0f88,0x0000000778c80000)
GC Heap History (10 events):
Event: 157.340 GC heap before
{Heap before GC invocations=82 (full 9):
 PSYoungGen      total 614400K, used 569841K [0x00000007d5a80000, 0x00000007fff00000, 0x0000000800000000)
  eden space 537088K, 97% used [0x00000007d5a80000,0x00000007f578b9d8,0x00000007f6700000)
  from space 77312K, 62% used [0x00000007fb380000,0x00000007fe2f0e10,0x00000007fff00000)
  to   space 77824K, 0% used [0x00000007f6700000,0x00000007f6700000,0x00000007fb300000)
 ParOldGen       total 690176K, used 509969K [0x0000000781000000, 0x00000007ab200000, 0x00000007d5a80000)
  object space 690176K, 73% used [0x0000000781000000,0x00000007a02045b8,0x00000007ab200000)
 PSPermGen       total 127488K, used 101814K [0x0000000771000000, 0x0000000778c80000, 0x0000000781000000)
  object space 127488K, 79% used [0x0000000771000000,0x000000077736d838,0x0000000778c80000)
Event: 157.372 GC heap after
Heap after GC invocations=82 (full 9):
 PSYoungGen      total 614912K, used 47674K [0x00000007d5a80000, 0x00000007fff80000, 0x0000000800000000)
  eden space 537088K, 0% used [0x00000007d5a80000,0x00000007d5a80000,0x00000007f6700000)
  from space 77824K, 61% used [0x00000007f6700000,0x00000007f958e960,0x00000007fb300000)
  to   space 77312K, 0% used [0x00000007fb400000,0x00000007fb400000,0x00000007fff80000)
 ParOldGen       total 690176K, used 509969K [0x0000000781000000, 0x00000007ab200000, 0x00000007d5a80000)
  object space 690176K, 73% used [0x0000000781000000,0x00000007a02045b8,0x00000007ab200000)
 PSPermGen       total 127488K, used 101814K [0x0000000771000000, 0x0000000778c80000, 0x0000000781000000)
  object space 127488K, 79% used [0x0000000771000000,0x000000077736d838,0x0000000778c80000)
}
Event: 160.045 GC heap before
{Heap before GC invocations=83 (full 9):
 PSYoungGen      total 614912K, used 584762K [0x00000007d5a80000, 0x00000007fff80000, 0x0000000800000000)
  eden space 537088K, 100% used [0x00000007d5a80000,0x00000007f6700000,0x00000007f6700000)
  from space 77824K, 61% used [0x00000007f6700000,0x00000007f958e960,0x00000007fb300000)
  to   space 77312K, 0% used [0x00000007fb400000,0x00000007fb400000,0x00000007fff80000)
 ParOldGen       total 690176K, used 509969K [0x0000000781000000, 0x00000007ab200000, 0x00000007d5a80000)
  object space 690176K, 73% used [0x0000000781000000,0x00000007a02045b8,0x00000007ab200000)
 PSPermGen       total 127488K, used 101948K [0x0000000771000000, 0x0000000778c80000, 0x0000000781000000)
  object space 127488K, 79% used [0x0000000771000000,0x000000077738f218,0x0000000778c80000)
Event: 160.078 GC heap after
Heap after GC invocations=83 (full 9):
 PSYoungGen      total 613888K, used 48204K [0x00000007d5a80000, 0x00000007ffd80000, 0x0000000800000000)
  eden space 538624K, 0% used [0x00000007d5a80000,0x00000007d5a80000,0x00000007f6880000)
  from space 75264K, 64% used [0x00000007fb400000,0x00000007fe3133a0,0x00000007ffd80000)
  to   space 76288K, 0% used [0x00000007f6880000,0x00000007f6880000,0x00000007fb300000)
 ParOldGen       total 690176K, used 509977K [0x0000000781000000, 0x00000007ab200000, 0x00000007d5a80000)
  object space 690176K, 73% used [0x0000000781000000,0x00000007a02065b8,0x00000007ab200000)
 PSPermGen       total 127488K, used 101948K [0x0000000771000000, 0x0000000778c80000, 0x0000000781000000)
  object space 127488K, 79% used [0x0000000771000000,0x000000077738f218,0x0000000778c80000)
}
Event: 162.153 GC heap before
{Heap before GC invocations=84 (full 9):
 PSYoungGen      total 613888K, used 585619K [0x00000007d5a80000, 0x00000007ffd80000, 0x0000000800000000)
  eden space 538624K, 99% used [0x00000007d5a80000,0x00000007f6751a60,0x00000007f6880000)
  from space 75264K, 64% used [0x00000007fb400000,0x00000007fe3133a0,0x00000007ffd80000)
  to   space 76288K, 0% used [0x00000007f6880000,0x00000007f6880000,0x00000007fb300000)
 ParOldGen       total 690176K, used 509977K [0x0000000781000000, 0x00000007ab200000, 0x00000007d5a80000)
  object space 690176K, 73% used [0x0000000781000000,0x00000007a02065b8,0x00000007ab200000)
 PSPermGen       total 127488K, used 102006K [0x0000000771000000, 0x0000000778c80000, 0x0000000781000000)
  object space 127488K, 80% used [0x0000000771000000,0x000000077739dbc0,0x0000000778c80000)
Event: 162.185 GC heap after
Heap after GC invocations=84 (full 9):
 PSYoungGen      total 614912K, used 37419K [0x00000007d5a80000, 0x00000007ffc00000, 0x0000000800000000)
  eden space 538624K, 0% used [0x00000007d5a80000,0x00000007d5a80000,0x00000007f6880000)
  from space 76288K, 49% used [0x00000007f6880000,0x00000007f8d0ae78,0x00000007fb300000)
  to   space 73728K, 0% used [0x00000007fb400000,0x00000007fb400000,0x00000007ffc00000)
 ParOldGen       total 690176K, used 522172K [0x0000000781000000, 0x00000007ab200000, 0x00000007d5a80000)
  object space 690176K, 75% used [0x0000000781000000,0x00000007a0def3a0,0x00000007ab200000)
 PSPermGen       total 127488K, used 102006K [0x0000000771000000, 0x0000000778c80000, 0x0000000781000000)
  object space 127488K, 80% used [0x0000000771000000,0x000000077739dbc0,0x0000000778c80000)
}
Event: 163.156 GC heap before
{Heap before GC invocations=85 (full 9):
 PSYoungGen      total 614912K, used 573081K [0x00000007d5a80000, 0x00000007ffc00000, 0x0000000800000000)
  eden space 538624K, 99% used [0x00000007d5a80000,0x00000007f659b5c0,0x00000007f6880000)
  from space 76288K, 49% used [0x00000007f6880000,0x00000007f8d0ae78,0x00000007fb300000)
  to   space 73728K, 0% used [0x00000007fb400000,0x00000007fb400000,0x00000007ffc00000)
 ParOldGen       total 690176K, used 522172K [0x0000000781000000, 0x00000007ab200000, 0x00000007d5a80000)
  object space 690176K, 75% used [0x0000000781000000,0x00000007a0def3a0,0x00000007ab200000)
 PSPermGen       total 127488K, used 102053K [0x0000000771000000, 0x0000000778c80000, 0x0000000781000000)
  object space 127488K, 80% used [0x0000000771000000,0x00000007773a95f8,0x0000000778c80000)
Event: 163.190 GC heap after
Heap after GC invocations=85 (full 9):
 PSYoungGen      total 614400K, used 12930K [0x00000007d5a80000, 0x0000000800000000, 0x0000000800000000)
  eden space 540672K, 0% used [0x00000007d5a80000,0x00000007d5a80000,0x00000007f6a80000)
  from space 73728K, 17% used [0x00000007fb400000,0x00000007fc0a0a70,0x00000007ffc00000)
  to   space 75264K, 0% used [0x00000007f6a80000,0x00000007f6a80000,0x00000007fb400000)
 ParOldGen       total 690176K, used 548923K [0x0000000781000000, 0x00000007ab200000, 0x00000007d5a80000)
  object space 690176K, 79% used [0x0000000781000000,0x00000007a280ef40,0x00000007ab200000)
 PSPermGen       total 127488K, used 102053K [0x0000000771000000, 0x0000000778c80000, 0x0000000781000000)
  object space 127488K, 80% used [0x0000000771000000,0x00000007773a95f8,0x0000000778c80000)
}
Event: 166.397 GC heap before
{Heap before GC invocations=86 (full 9):
 PSYoungGen      total 614400K, used 553602K [0x00000007d5a80000, 0x0000000800000000, 0x0000000800000000)
  eden space 540672K, 100% used [0x00000007d5a80000,0x00000007f6a80000,0x00000007f6a80000)
  from space 73728K, 17% used [0x00000007fb400000,0x00000007fc0a0a70,0x00000007ffc00000)
  to   space 75264K, 0% used [0x00000007f6a80000,0x00000007f6a80000,0x00000007fb400000)
 ParOldGen       total 690176K, used 548923K [0x0000000781000000, 0x00000007ab200000, 0x00000007d5a80000)
  object space 690176K, 79% used [0x0000000781000000,0x00000007a280ef40,0x00000007ab200000)
 PSPermGen       total 127488K, used 102129K [0x0000000771000000, 0x0000000778c80000, 0x0000000781000000)
  object space 127488K, 80% used [0x0000000771000000,0x00000007773bc4d8,0x0000000778c80000)
Event: 166.414 GC heap after
Heap after GC invocations=86 (full 9):
 PSYoungGen      total 615936K, used 13068K [0x00000007d5a80000, 0x0000000800000000, 0x0000000800000000)
  eden space 540672K, 0% used [0x00000007d5a80000,0x00000007d5a80000,0x00000007f6a80000)
  from space 75264K, 17% used [0x00000007f6a80000,0x00000007f77430b8,0x00000007fb400000)
  to   space 75776K, 0% used [0x00000007fb600000,0x00000007fb600000,0x0000000800000000)
 ParOldGen       total 690176K, used 549091K [0x0000000781000000, 0x00000007ab200000, 0x00000007d5a80000)
  object space 690176K, 79% used [0x0000000781000000,0x00000007a2838f40,0x00000007ab200000)
 PSPermGen       total 127488K, used 102129K [0x0000000771000000, 0x0000000778c80000, 0x0000000781000000)
  object space 127488K, 80% used [0x0000000771000000,0x00000007773bc4d8,0x0000000778c80000)
}

