# JRE version: Java(TM) SE Runtime Environment (7.0_55-b13) (build 1.7.0_55-b13)
# Java VM: Java HotSpot(TM) 64-Bit Server VM (24.55-b03 mixed mode windows-amd64 compressed oops)
Heap
 PSYoungGen      total 578560K, used 53827K [0x00000007d5a80000, 0x00000007fef00000, 0x0000000800000000)
  eden space 572928K, 8% used [0x00000007d5a80000,0x00000007d89d03e0,0x00000007f8a00000)
  from space 5632K, 95% used [0x00000007f8a00000,0x00000007f8f40b30,0x00000007f8f80000)
  to   space 50688K, 0% used [0x00000007fbd80000,0x00000007fbd80000,0x00000007fef00000)
 ParOldGen       total 329216K, used 184712K [0x0000000781000000, 0x0000000795180000, 0x00000007d5a80000)
  object space 329216K, 56% used [0x0000000781000000,0x000000078c462190,0x0000000795180000)
 PSPermGen       total 64512K, used 47911K [0x0000000771000000, 0x0000000774f00000, 0x0000000781000000)
  object space 64512K, 74% used [0x0000000771000000,0x0000000773ec9e38,0x0000000774f00000)
GC Heap History (10 events):
Event: 441.228 GC heap before
{Heap before GC invocations=48 (full 7):
 PSYoungGen      total 626688K, used 571878K [0x00000007d5a80000, 0x00000007ffc00000, 0x0000000800000000)
  eden space 566784K, 100% used [0x00000007d5a80000,0x00000007f8400000,0x00000007f8400000)
  from space 59904K, 8% used [0x00000007fc180000,0x00000007fc6798b0,0x00000007ffc00000)
  to   space 61440K, 0% used [0x00000007f8400000,0x00000007f8400000,0x00000007fc000000)
 ParOldGen       total 329216K, used 184712K [0x0000000781000000, 0x0000000795180000, 0x00000007d5a80000)
  object space 329216K, 56% used [0x0000000781000000,0x000000078c462190,0x0000000795180000)
 PSPermGen       total 64512K, used 47828K [0x0000000771000000, 0x0000000774f00000, 0x0000000781000000)
  object space 64512K, 74% used [0x0000000771000000,0x0000000773eb52e0,0x0000000774f00000)
Event: 441.232 GC heap after
Heap after GC invocations=48 (full 7):
 PSYoungGen      total 628224K, used 4870K [0x00000007d5a80000, 0x00000007ffb00000, 0x0000000800000000)
  eden space 566784K, 0% used [0x00000007d5a80000,0x00000007d5a80000,0x00000007f8400000)
  from space 61440K, 7% used [0x00000007f8400000,0x00000007f88c18b0,0x00000007fc000000)
  to   space 59392K, 0% used [0x00000007fc100000,0x00000007fc100000,0x00000007ffb00000)
 ParOldGen       total 329216K, used 184712K [0x0000000781000000, 0x0000000795180000, 0x00000007d5a80000)
  object space 329216K, 56% used [0x0000000781000000,0x000000078c462190,0x0000000795180000)
 PSPermGen       total 64512K, used 47828K [0x0000000771000000, 0x0000000774f00000, 0x0000000781000000)
  object space 64512K, 74% used [0x0000000771000000,0x0000000773eb52e0,0x0000000774f00000)
}
Event: 458.406 GC heap before
{Heap before GC invocations=49 (full 7):
 PSYoungGen      total 628224K, used 571654K [0x00000007d5a80000, 0x00000007ffb00000, 0x0000000800000000)
  eden space 566784K, 100% used [0x00000007d5a80000,0x00000007f8400000,0x00000007f8400000)
  from space 61440K, 7% used [0x00000007f8400000,0x00000007f88c18b0,0x00000007fc000000)
  to   space 59392K, 0% used [0x00000007fc100000,0x00000007fc100000,0x00000007ffb00000)
 ParOldGen       total 329216K, used 184712K [0x0000000781000000, 0x0000000795180000, 0x00000007d5a80000)
  object space 329216K, 56% used [0x0000000781000000,0x000000078c462190,0x0000000795180000)
 PSPermGen       total 64512K, used 47834K [0x0000000771000000, 0x0000000774f00000, 0x0000000781000000)
  object space 64512K, 74% used [0x0000000771000000,0x0000000773eb6828,0x0000000774f00000)
Event: 458.412 GC heap after
Heap after GC invocations=49 (full 7):
 PSYoungGen      total 625152K, used 5058K [0x00000007d5a80000, 0x00000007ff700000, 0x0000000800000000)
  eden space 569856K, 0% used [0x00000007d5a80000,0x00000007d5a80000,0x00000007f8700000)
  from space 55296K, 9% used [0x00000007fc100000,0x00000007fc5f0b30,0x00000007ff700000)
  to   space 57344K, 0% used [0x00000007f8700000,0x00000007f8700000,0x00000007fbf00000)
 ParOldGen       total 329216K, used 184712K [0x0000000781000000, 0x0000000795180000, 0x00000007d5a80000)
  object space 329216K, 56% used [0x0000000781000000,0x000000078c462190,0x0000000795180000)
 PSPermGen       total 64512K, used 47834K [0x0000000771000000, 0x0000000774f00000, 0x0000000781000000)
  object space 64512K, 74% used [0x0000000771000000,0x0000000773eb6828,0x0000000774f00000)
}
Event: 475.406 GC heap before
{Heap before GC invocations=50 (full 7):
 PSYoungGen      total 625152K, used 574914K [0x00000007d5a80000, 0x00000007ff700000, 0x0000000800000000)
  eden space 569856K, 100% used [0x00000007d5a80000,0x00000007f8700000,0x00000007f8700000)
  from space 55296K, 9% used [0x00000007fc100000,0x00000007fc5f0b30,0x00000007ff700000)
  to   space 57344K, 0% used [0x00000007f8700000,0x00000007f8700000,0x00000007fbf00000)
 ParOldGen       total 329216K, used 184712K [0x0000000781000000, 0x0000000795180000, 0x00000007d5a80000)
  object space 329216K, 56% used [0x0000000781000000,0x000000078c462190,0x0000000795180000)
 PSPermGen       total 64512K, used 47836K [0x0000000771000000, 0x0000000774f00000, 0x0000000781000000)
  object space 64512K, 74% used [0x0000000771000000,0x0000000773eb7060,0x0000000774f00000)
Event: 475.411 GC heap after
Heap after GC invocations=50 (full 7):
 PSYoungGen      total 627200K, used 3586K [0x00000007d5a80000, 0x00000007ff600000, 0x0000000800000000)
  eden space 569856K, 0% used [0x00000007d5a80000,0x00000007d5a80000,0x00000007f8700000)
  from space 57344K, 6% used [0x00000007f8700000,0x00000007f8a80b30,0x00000007fbf00000)
  to   space 55296K, 0% used [0x00000007fc000000,0x00000007fc000000,0x00000007ff600000)
 ParOldGen       total 329216K, used 184712K [0x0000000781000000, 0x0000000795180000, 0x00000007d5a80000)
  object space 329216K, 56% used [0x0000000781000000,0x000000078c462190,0x0000000795180000)
 PSPermGen       total 64512K, used 47836K [0x0000000771000000, 0x0000000774f00000, 0x0000000781000000)
  object space 64512K, 74% used [0x0000000771000000,0x0000000773eb7060,0x0000000774f00000)
}
Event: 492.583 GC heap before
{Heap before GC invocations=51 (full 7):
 PSYoungGen      total 627200K, used 573442K [0x00000007d5a80000, 0x00000007ff600000, 0x0000000800000000)
  eden space 569856K, 100% used [0x00000007d5a80000,0x00000007f8700000,0x00000007f8700000)
  from space 57344K, 6% used [0x00000007f8700000,0x00000007f8a80b30,0x00000007fbf00000)
  to   space 55296K, 0% used [0x00000007fc000000,0x00000007fc000000,0x00000007ff600000)
 ParOldGen       total 329216K, used 184712K [0x0000000781000000, 0x0000000795180000, 0x00000007d5a80000)
  object space 329216K, 56% used [0x0000000781000000,0x000000078c462190,0x0000000795180000)
 PSPermGen       total 64512K, used 47837K [0x0000000771000000, 0x0000000774f00000, 0x0000000781000000)
  object space 64512K, 74% used [0x0000000771000000,0x0000000773eb7478,0x0000000774f00000)
Event: 492.588 GC heap after
Heap after GC invocations=51 (full 7):
 PSYoungGen      total 624128K, used 5122K [0x00000007d5a80000, 0x00000007ff200000, 0x0000000800000000)
  eden space 572928K, 0% used [0x00000007d5a80000,0x00000007d5a80000,0x00000007f8a00000)
  from space 51200K, 10% used [0x00000007fc000000,0x00000007fc500b30,0x00000007ff200000)
  to   space 53248K, 0% used [0x00000007f8a00000,0x00000007f8a00000,0x00000007fbe00000)
 ParOldGen       total 329216K, used 184712K [0x0000000781000000, 0x0000000795180000, 0x00000007d5a80000)
  object space 329216K, 56% used [0x0000000781000000,0x000000078c462190,0x0000000795180000)
 PSPermGen       total 64512K, used 47837K [0x0000000771000000, 0x0000000774f00000, 0x0000000781000000)
  object space 64512K, 74% used [0x0000000771000000,0x0000000773eb7478,0x0000000774f00000)
}
Event: 545.504 GC heap before
{Heap before GC invocations=52 (full 7):
 PSYoungGen      total 624128K, used 578050K [0x00000007d5a80000, 0x00000007ff200000, 0x0000000800000000)
  eden space 572928K, 100% used [0x00000007d5a80000,0x00000007f8a00000,0x00000007f8a00000)
  from space 51200K, 10% used [0x00000007fc000000,0x00000007fc500b30,0x00000007ff200000)
  to   space 53248K, 0% used [0x00000007f8a00000,0x00000007f8a00000,0x00000007fbe00000)
 ParOldGen       total 329216K, used 184712K [0x0000000781000000, 0x0000000795180000, 0x00000007d5a80000)
  object space 329216K, 56% used [0x0000000781000000,0x000000078c462190,0x0000000795180000)
 PSPermGen       total 64512K, used 47841K [0x0000000771000000, 0x0000000774f00000, 0x0000000781000000)
  object space 64512K, 74% used [0x0000000771000000,0x0000000773eb85e0,0x0000000774f00000)
Event: 545.509 GC heap after
Heap after GC invocations=52 (full 7):
 PSYoungGen      total 578560K, used 5378K [0x00000007d5a80000, 0x00000007fef00000, 0x0000000800000000)
  eden space 572928K, 0% used [0x00000007d5a80000,0x00000007d5a80000,0x00000007f8a00000)
  from space 5632K, 95% used [0x00000007f8a00000,0x00000007f8f40b30,0x00000007f8f80000)
  to   space 50688K, 0% used [0x00000007fbd80000,0x00000007fbd80000,0x00000007fef00000)
 ParOldGen       total 329216K, used 184712K [0x0000000781000000, 0x0000000795180000, 0x00000007d5a80000)
  object space 329216K, 56% used [0x0000000781000000,0x000000078c462190,0x0000000795180000)
 PSPermGen       total 64512K, used 47841K [0x0000000771000000, 0x0000000774f00000, 0x0000000781000000)
  object space 64512K, 74% used [0x0000000771000000,0x0000000773eb85e0,0x0000000774f00000)
}

