# JRE version: Java(TM) SE Runtime Environment (7.0_55-b13) (build 1.7.0_55-b13)
# Java VM: Java HotSpot(TM) 64-Bit Server VM (24.55-b03 mixed mode windows-amd64 compressed oops)
Heap
 PSYoungGen      total 518144K, used 222300K [0x00000007d5a80000, 0x00000007f9980000, 0x0000000800000000)
  eden space 516608K, 42% used [0x00000007d5a80000,0x00000007e32543c0,0x00000007f5300000)
  from space 1536K, 84% used [0x00000007f6780000,0x00000007f68c2fd8,0x00000007f6900000)
  to   space 25088K, 0% used [0x00000007f8100000,0x00000007f8100000,0x00000007f9980000)
 ParOldGen       total 671232K, used 506939K [0x0000000781000000, 0x00000007a9f80000, 0x00000007d5a80000)
  object space 671232K, 75% used [0x0000000781000000,0x000000079ff0eef8,0x00000007a9f80000)
 PSPermGen       total 128512K, used 103399K [0x0000000771000000, 0x0000000778d80000, 0x0000000781000000)
  object space 128512K, 80% used [0x0000000771000000,0x00000007774f9ee0,0x0000000778d80000)
GC Heap History (10 events):
Event: 595.254 GC heap before
{Heap before GC invocations=93 (full 10):
 PSYoungGen      total 582656K, used 1652K [0x00000007d5a80000, 0x00000007fd180000, 0x0000000800000000)
  eden space 580608K, 0% used [0x00000007d5a80000,0x00000007d5a80000,0x00000007f9180000)
  from space 2048K, 80% used [0x00000007f9180000,0x00000007f931d260,0x00000007f9380000)
  to   space 32768K, 0% used [0x00000007fb180000,0x00000007fb180000,0x00000007fd180000)
 ParOldGen       total 671232K, used 532195K [0x0000000781000000, 0x00000007a9f80000, 0x00000007d5a80000)
  object space 671232K, 79% used [0x0000000781000000,0x00000007a17b8dd0,0x00000007a9f80000)
 PSPermGen       total 126976K, used 101897K [0x0000000771000000, 0x0000000778c00000, 0x0000000781000000)
  object space 126976K, 80% used [0x0000000771000000,0x0000000777382508,0x0000000778c00000)
Event: 596.783 GC heap after
Heap after GC invocations=93 (full 10):
 PSYoungGen      total 582656K, used 0K [0x00000007d5a80000, 0x00000007fd180000, 0x0000000800000000)
  eden space 580608K, 0% used [0x00000007d5a80000,0x00000007d5a80000,0x00000007f9180000)
  from space 2048K, 0% used [0x00000007f9180000,0x00000007f9180000,0x00000007f9380000)
  to   space 32768K, 0% used [0x00000007fb180000,0x00000007fb180000,0x00000007fd180000)
 ParOldGen       total 671232K, used 506931K [0x0000000781000000, 0x00000007a9f80000, 0x00000007d5a80000)
  object space 671232K, 75% used [0x0000000781000000,0x000000079ff0cef8,0x00000007a9f80000)
 PSPermGen       total 128512K, used 101888K [0x0000000771000000, 0x0000000778d80000, 0x0000000781000000)
  object space 128512K, 79% used [0x0000000771000000,0x0000000777380310,0x0000000778d80000)
}
Event: 654.234 GC heap before
{Heap before GC invocations=94 (full 10):
 PSYoungGen      total 582656K, used 574602K [0x00000007d5a80000, 0x00000007fd180000, 0x0000000800000000)
  eden space 580608K, 98% used [0x00000007d5a80000,0x00000007f8ba29e0,0x00000007f9180000)
  from space 2048K, 0% used [0x00000007f9180000,0x00000007f9180000,0x00000007f9380000)
  to   space 32768K, 0% used [0x00000007fb180000,0x00000007fb180000,0x00000007fd180000)
 ParOldGen       total 671232K, used 506931K [0x0000000781000000, 0x00000007a9f80000, 0x00000007d5a80000)
  object space 671232K, 75% used [0x0000000781000000,0x000000079ff0cef8,0x00000007a9f80000)
 PSPermGen       total 128512K, used 102241K [0x0000000771000000, 0x0000000778d80000, 0x0000000781000000)
  object space 128512K, 79% used [0x0000000771000000,0x00000007773d85a8,0x0000000778d80000)
Event: 654.242 GC heap after
Heap after GC invocations=94 (full 10):
 PSYoungGen      total 613888K, used 1567K [0x00000007d5a80000, 0x00000007fd000000, 0x0000000800000000)
  eden space 582656K, 0% used [0x00000007d5a80000,0x00000007d5a80000,0x00000007f9380000)
  from space 31232K, 5% used [0x00000007fb180000,0x00000007fb307de8,0x00000007fd000000)
  to   space 30720K, 0% used [0x00000007f9380000,0x00000007f9380000,0x00000007fb180000)
 ParOldGen       total 671232K, used 506931K [0x0000000781000000, 0x00000007a9f80000, 0x00000007d5a80000)
  object space 671232K, 75% used [0x0000000781000000,0x000000079ff0cef8,0x00000007a9f80000)
 PSPermGen       total 128512K, used 102241K [0x0000000771000000, 0x0000000778d80000, 0x0000000781000000)
  object space 128512K, 79% used [0x0000000771000000,0x00000007773d85a8,0x0000000778d80000)
}
Event: 2060.839 GC heap before
{Heap before GC invocations=95 (full 10):
 PSYoungGen      total 613888K, used 584223K [0x00000007d5a80000, 0x00000007fd000000, 0x0000000800000000)
  eden space 582656K, 100% used [0x00000007d5a80000,0x00000007f9380000,0x00000007f9380000)
  from space 31232K, 5% used [0x00000007fb180000,0x00000007fb307de8,0x00000007fd000000)
  to   space 30720K, 0% used [0x00000007f9380000,0x00000007f9380000,0x00000007fb180000)
 ParOldGen       total 671232K, used 506931K [0x0000000781000000, 0x00000007a9f80000, 0x00000007d5a80000)
  object space 671232K, 75% used [0x0000000781000000,0x000000079ff0cef8,0x00000007a9f80000)
 PSPermGen       total 128512K, used 102561K [0x0000000771000000, 0x0000000778d80000, 0x0000000781000000)
  object space 128512K, 79% used [0x0000000771000000,0x00000007774285a0,0x0000000778d80000)
Event: 2060.853 GC heap after
Heap after GC invocations=95 (full 10):
 PSYoungGen      total 561152K, used 1419K [0x00000007d5a80000, 0x00000007fb500000, 0x0000000800000000)
  eden space 559616K, 0% used [0x00000007d5a80000,0x00000007d5a80000,0x00000007f7d00000)
  from space 1536K, 92% used [0x00000007f9380000,0x00000007f94e2fd8,0x00000007f9500000)
  to   space 28672K, 0% used [0x00000007f9900000,0x00000007f9900000,0x00000007fb500000)
 ParOldGen       total 671232K, used 506939K [0x0000000781000000, 0x00000007a9f80000, 0x00000007d5a80000)
  object space 671232K, 75% used [0x0000000781000000,0x000000079ff0eef8,0x00000007a9f80000)
 PSPermGen       total 128512K, used 102561K [0x0000000771000000, 0x0000000778d80000, 0x0000000781000000)
  object space 128512K, 79% used [0x0000000771000000,0x00000007774285a0,0x0000000778d80000)
}
Event: 4021.735 GC heap before
{Heap before GC invocations=96 (full 10):
 PSYoungGen      total 561152K, used 561035K [0x00000007d5a80000, 0x00000007fb500000, 0x0000000800000000)
  eden space 559616K, 100% used [0x00000007d5a80000,0x00000007f7d00000,0x00000007f7d00000)
  from space 1536K, 92% used [0x00000007f9380000,0x00000007f94e2fd8,0x00000007f9500000)
  to   space 28672K, 0% used [0x00000007f9900000,0x00000007f9900000,0x00000007fb500000)
 ParOldGen       total 671232K, used 506939K [0x0000000781000000, 0x00000007a9f80000, 0x00000007d5a80000)
  object space 671232K, 75% used [0x0000000781000000,0x000000079ff0eef8,0x00000007a9f80000)
 PSPermGen       total 128512K, used 102571K [0x0000000771000000, 0x0000000778d80000, 0x0000000781000000)
  object space 128512K, 79% used [0x0000000771000000,0x000000077742ae60,0x0000000778d80000)
Event: 4021.746 GC heap after
Heap after GC invocations=96 (full 10):
 PSYoungGen      total 540160K, used 1323K [0x00000007d5a80000, 0x00000007f9b80000, 0x0000000800000000)
  eden space 537600K, 0% used [0x00000007d5a80000,0x00000007d5a80000,0x00000007f6780000)
  from space 2560K, 51% used [0x00000007f9900000,0x00000007f9a4afd8,0x00000007f9b80000)
  to   space 26624K, 0% used [0x00000007f6780000,0x00000007f6780000,0x00000007f8180000)
 ParOldGen       total 671232K, used 506939K [0x0000000781000000, 0x00000007a9f80000, 0x00000007d5a80000)
  object space 671232K, 75% used [0x0000000781000000,0x000000079ff0eef8,0x00000007a9f80000)
 PSPermGen       total 128512K, used 102571K [0x0000000771000000, 0x0000000778d80000, 0x0000000781000000)
  object space 128512K, 79% used [0x0000000771000000,0x000000077742ae60,0x0000000778d80000)
}
Event: 5909.005 GC heap before
{Heap before GC invocations=97 (full 10):
 PSYoungGen      total 540160K, used 538923K [0x00000007d5a80000, 0x00000007f9b80000, 0x0000000800000000)
  eden space 537600K, 100% used [0x00000007d5a80000,0x00000007f6780000,0x00000007f6780000)
  from space 2560K, 51% used [0x00000007f9900000,0x00000007f9a4afd8,0x00000007f9b80000)
  to   space 26624K, 0% used [0x00000007f6780000,0x00000007f6780000,0x00000007f8180000)
 ParOldGen       total 671232K, used 506939K [0x0000000781000000, 0x00000007a9f80000, 0x00000007d5a80000)
  object space 671232K, 75% used [0x0000000781000000,0x000000079ff0eef8,0x00000007a9f80000)
 PSPermGen       total 128512K, used 102574K [0x0000000771000000, 0x0000000778d80000, 0x0000000781000000)
  object space 128512K, 79% used [0x0000000771000000,0x000000077742bb30,0x0000000778d80000)
Event: 5909.014 GC heap after
Heap after GC invocations=97 (full 10):
 PSYoungGen      total 518144K, used 1291K [0x00000007d5a80000, 0x00000007f9980000, 0x0000000800000000)
  eden space 516608K, 0% used [0x00000007d5a80000,0x00000007d5a80000,0x00000007f5300000)
  from space 1536K, 84% used [0x00000007f6780000,0x00000007f68c2fd8,0x00000007f6900000)
  to   space 25088K, 0% used [0x00000007f8100000,0x00000007f8100000,0x00000007f9980000)
 ParOldGen       total 671232K, used 506939K [0x0000000781000000, 0x00000007a9f80000, 0x00000007d5a80000)
  object space 671232K, 75% used [0x0000000781000000,0x000000079ff0eef8,0x00000007a9f80000)
 PSPermGen       total 128512K, used 102574K [0x0000000771000000, 0x0000000778d80000, 0x0000000781000000)
  object space 128512K, 79% used [0x0000000771000000,0x000000077742bb30,0x0000000778d80000)
}

