# JRE version: Java(TM) SE Runtime Environment (7.0_55-b13) (build 1.7.0_55-b13)
# Java VM: Java HotSpot(TM) 64-Bit Server VM (24.55-b03 mixed mode windows-amd64 compressed oops)
Heap
 PSYoungGen      total 451072K, used 53741K [0x00000007d5a80000, 0x00000007f5400000, 0x0000000800000000)
  eden space 439808K, 9% used [0x00000007d5a80000,0x00000007d8414cf0,0x00000007f0800000)
  from space 11264K, 99% used [0x00000007f4900000,0x00000007f53e6a30,0x00000007f5400000)
  to   space 38912K, 0% used [0x00000007f0800000,0x00000007f0800000,0x00000007f2e00000)
 ParOldGen       total 645632K, used 564201K [0x0000000781000000, 0x00000007a8680000, 0x00000007d5a80000)
  object space 645632K, 87% used [0x0000000781000000,0x00000007a36fa450,0x00000007a8680000)
 PSPermGen       total 127488K, used 103317K [0x0000000771000000, 0x0000000778c80000, 0x0000000781000000)
  object space 127488K, 81% used [0x0000000771000000,0x00000007774e56f0,0x0000000778c80000)
GC Heap History (10 events):
Event: 853.824 GC heap before
{Heap before GC invocations=105 (full 9):
 PSYoungGen      total 552960K, used 552626K [0x00000007d5a80000, 0x00000007fb800000, 0x0000000800000000)
  eden space 530944K, 100% used [0x00000007d5a80000,0x00000007f6100000,0x00000007f6100000)
  from space 22016K, 98% used [0x00000007f7e00000,0x00000007f932ca48,0x00000007f9380000)
  to   space 37376K, 0% used [0x00000007f9380000,0x00000007f9380000,0x00000007fb800000)
 ParOldGen       total 645632K, used 552360K [0x0000000781000000, 0x00000007a8680000, 0x00000007d5a80000)
  object space 645632K, 85% used [0x0000000781000000,0x00000007a2b6a350,0x00000007a8680000)
 PSPermGen       total 127488K, used 103254K [0x0000000771000000, 0x0000000778c80000, 0x0000000781000000)
  object space 127488K, 80% used [0x0000000771000000,0x00000007774d5a98,0x0000000778c80000)
Event: 853.848 GC heap after
Heap after GC invocations=105 (full 9):
 PSYoungGen      total 531968K, used 20637K [0x00000007d5a80000, 0x00000007fa800000, 0x0000000800000000)
  eden space 510976K, 0% used [0x00000007d5a80000,0x00000007d5a80000,0x00000007f4d80000)
  from space 20992K, 98% used [0x00000007f9380000,0x00000007fa7a7748,0x00000007fa800000)
  to   space 38912K, 0% used [0x00000007f5c00000,0x00000007f5c00000,0x00000007f8200000)
 ParOldGen       total 645632K, used 553442K [0x0000000781000000, 0x00000007a8680000, 0x00000007d5a80000)
  object space 645632K, 85% used [0x0000000781000000,0x00000007a2c78a50,0x00000007a8680000)
 PSPermGen       total 127488K, used 103254K [0x0000000771000000, 0x0000000778c80000, 0x0000000781000000)
  object space 127488K, 80% used [0x0000000771000000,0x00000007774d5a98,0x0000000778c80000)
}
Event: 875.226 GC heap before
{Heap before GC invocations=106 (full 9):
 PSYoungGen      total 531968K, used 531613K [0x00000007d5a80000, 0x00000007fa800000, 0x0000000800000000)
  eden space 510976K, 100% used [0x00000007d5a80000,0x00000007f4d80000,0x00000007f4d80000)
  from space 20992K, 98% used [0x00000007f9380000,0x00000007fa7a7748,0x00000007fa800000)
  to   space 38912K, 0% used [0x00000007f5c00000,0x00000007f5c00000,0x00000007f8200000)
 ParOldGen       total 645632K, used 553442K [0x0000000781000000, 0x00000007a8680000, 0x00000007d5a80000)
  object space 645632K, 85% used [0x0000000781000000,0x00000007a2c78a50,0x00000007a8680000)
 PSPermGen       total 127488K, used 103256K [0x0000000771000000, 0x0000000778c80000, 0x0000000781000000)
  object space 127488K, 80% used [0x0000000771000000,0x00000007774d61f8,0x0000000778c80000)
Event: 875.249 GC heap after
Heap after GC invocations=106 (full 9):
 PSYoungGen      total 510464K, used 18168K [0x00000007d5a80000, 0x00000007f9400000, 0x0000000800000000)
  eden space 492032K, 0% used [0x00000007d5a80000,0x00000007d5a80000,0x00000007f3b00000)
  from space 18432K, 98% used [0x00000007f5c00000,0x00000007f6dbe128,0x00000007f6e00000)
  to   space 38400K, 0% used [0x00000007f6e80000,0x00000007f6e80000,0x00000007f9400000)
 ParOldGen       total 645632K, used 556062K [0x0000000781000000, 0x00000007a8680000, 0x00000007d5a80000)
  object space 645632K, 86% used [0x0000000781000000,0x00000007a2f07838,0x00000007a8680000)
 PSPermGen       total 127488K, used 103256K [0x0000000771000000, 0x0000000778c80000, 0x0000000781000000)
  object space 127488K, 80% used [0x0000000771000000,0x00000007774d61f8,0x0000000778c80000)
}
Event: 897.025 GC heap before
{Heap before GC invocations=107 (full 9):
 PSYoungGen      total 510464K, used 510200K [0x00000007d5a80000, 0x00000007f9400000, 0x0000000800000000)
  eden space 492032K, 100% used [0x00000007d5a80000,0x00000007f3b00000,0x00000007f3b00000)
  from space 18432K, 98% used [0x00000007f5c00000,0x00000007f6dbe128,0x00000007f6e00000)
  to   space 38400K, 0% used [0x00000007f6e80000,0x00000007f6e80000,0x00000007f9400000)
 ParOldGen       total 645632K, used 556062K [0x0000000781000000, 0x00000007a8680000, 0x00000007d5a80000)
  object space 645632K, 86% used [0x0000000781000000,0x00000007a2f07838,0x00000007a8680000)
 PSPermGen       total 127488K, used 103257K [0x0000000771000000, 0x0000000778c80000, 0x0000000781000000)
  object space 127488K, 80% used [0x0000000771000000,0x00000007774d64b8,0x0000000778c80000)
Event: 897.046 GC heap after
Heap after GC invocations=107 (full 9):
 PSYoungGen      total 489472K, used 15839K [0x00000007d5a80000, 0x00000007f7e00000, 0x0000000800000000)
  eden space 473600K, 0% used [0x00000007d5a80000,0x00000007d5a80000,0x00000007f2900000)
  from space 15872K, 99% used [0x00000007f6e80000,0x00000007f7df7de8,0x00000007f7e00000)
  to   space 38400K, 0% used [0x00000007f3300000,0x00000007f3300000,0x00000007f5880000)
 ParOldGen       total 645632K, used 558725K [0x0000000781000000, 0x00000007a8680000, 0x00000007d5a80000)
  object space 645632K, 86% used [0x0000000781000000,0x00000007a31a14d8,0x00000007a8680000)
 PSPermGen       total 127488K, used 103257K [0x0000000771000000, 0x0000000778c80000, 0x0000000781000000)
  object space 127488K, 80% used [0x0000000771000000,0x00000007774d64b8,0x0000000778c80000)
}
Event: 916.875 GC heap before
{Heap before GC invocations=108 (full 9):
 PSYoungGen      total 489472K, used 489439K [0x00000007d5a80000, 0x00000007f7e00000, 0x0000000800000000)
  eden space 473600K, 100% used [0x00000007d5a80000,0x00000007f2900000,0x00000007f2900000)
  from space 15872K, 99% used [0x00000007f6e80000,0x00000007f7df7de8,0x00000007f7e00000)
  to   space 38400K, 0% used [0x00000007f3300000,0x00000007f3300000,0x00000007f5880000)
 ParOldGen       total 645632K, used 558725K [0x0000000781000000, 0x00000007a8680000, 0x00000007d5a80000)
  object space 645632K, 86% used [0x0000000781000000,0x00000007a31a14d8,0x00000007a8680000)
 PSPermGen       total 127488K, used 103257K [0x0000000771000000, 0x0000000778c80000, 0x0000000781000000)
  object space 127488K, 80% used [0x0000000771000000,0x00000007774d6688,0x0000000778c80000)
Event: 916.895 GC heap after
Heap after GC invocations=108 (full 9):
 PSYoungGen      total 466944K, used 10417K [0x00000007d5a80000, 0x00000007f6f00000, 0x0000000800000000)
  eden space 456192K, 0% used [0x00000007d5a80000,0x00000007d5a80000,0x00000007f1800000)
  from space 10752K, 96% used [0x00000007f3300000,0x00000007f3d2c7b0,0x00000007f3d80000)
  to   space 38912K, 0% used [0x00000007f4900000,0x00000007f4900000,0x00000007f6f00000)
 ParOldGen       total 645632K, used 564109K [0x0000000781000000, 0x00000007a8680000, 0x00000007d5a80000)
  object space 645632K, 87% used [0x0000000781000000,0x00000007a36e35b0,0x00000007a8680000)
 PSPermGen       total 127488K, used 103257K [0x0000000771000000, 0x0000000778c80000, 0x0000000781000000)
  object space 127488K, 80% used [0x0000000771000000,0x00000007774d6688,0x0000000778c80000)
}
Event: 936.290 GC heap before
{Heap before GC invocations=109 (full 9):
 PSYoungGen      total 466944K, used 466609K [0x00000007d5a80000, 0x00000007f6f00000, 0x0000000800000000)
  eden space 456192K, 100% used [0x00000007d5a80000,0x00000007f1800000,0x00000007f1800000)
  from space 10752K, 96% used [0x00000007f3300000,0x00000007f3d2c7b0,0x00000007f3d80000)
  to   space 38912K, 0% used [0x00000007f4900000,0x00000007f4900000,0x00000007f6f00000)
 ParOldGen       total 645632K, used 564109K [0x0000000781000000, 0x00000007a8680000, 0x00000007d5a80000)
  object space 645632K, 87% used [0x0000000781000000,0x00000007a36e35b0,0x00000007a8680000)
 PSPermGen       total 127488K, used 103259K [0x0000000771000000, 0x0000000778c80000, 0x0000000781000000)
  object space 127488K, 80% used [0x0000000771000000,0x00000007774d6cd8,0x0000000778c80000)
Event: 936.311 GC heap after
Heap after GC invocations=109 (full 9):
 PSYoungGen      total 451072K, used 11162K [0x00000007d5a80000, 0x00000007f5400000, 0x0000000800000000)
  eden space 439808K, 0% used [0x00000007d5a80000,0x00000007d5a80000,0x00000007f0800000)
  from space 11264K, 99% used [0x00000007f4900000,0x00000007f53e6a30,0x00000007f5400000)
  to   space 38912K, 0% used [0x00000007f0800000,0x00000007f0800000,0x00000007f2e00000)
 ParOldGen       total 645632K, used 564201K [0x0000000781000000, 0x00000007a8680000, 0x00000007d5a80000)
  object space 645632K, 87% used [0x0000000781000000,0x00000007a36fa450,0x00000007a8680000)
 PSPermGen       total 127488K, used 103259K [0x0000000771000000, 0x0000000778c80000, 0x0000000781000000)
  object space 127488K, 80% used [0x0000000771000000,0x00000007774d6cd8,0x0000000778c80000)
}

