# JRE version: Java(TM) SE Runtime Environment (7.0_55-b13) (build 1.7.0_55-b13)
# Java VM: Java HotSpot(TM) 64-Bit Server VM (24.55-b03 mixed mode windows-amd64 compressed oops)
Heap
 PSYoungGen      total 604160K, used 891K [0x00000007d5a80000, 0x0000000800000000, 0x0000000800000000)
  eden space 518656K, 0% used [0x00000007d5a80000,0x00000007d5b5ecf8,0x00000007f5500000)
  from space 85504K, 0% used [0x00000007faa80000,0x00000007faa80000,0x00000007ffe00000)
  to   space 87552K, 0% used [0x00000007f5500000,0x00000007f5500000,0x00000007faa80000)
 ParOldGen       total 695296K, used 501914K [0x0000000781000000, 0x00000007ab700000, 0x00000007d5a80000)
  object space 695296K, 72% used [0x0000000781000000,0x000000079fa26ad0,0x00000007ab700000)
 PSPermGen       total 128000K, used 100476K [0x0000000771000000, 0x0000000778d00000, 0x0000000781000000)
  object space 128000K, 78% used [0x0000000771000000,0x000000077721f390,0x0000000778d00000)
GC Heap History (10 events):
Event: 113.160 GC heap before
{Heap before GC invocations=83 (full 8):
 PSYoungGen      total 585728K, used 537870K [0x00000007d5a80000, 0x00000007ff400000, 0x0000000800000000)
  eden space 492032K, 100% used [0x00000007d5a80000,0x00000007f3b00000,0x00000007f3b00000)
  from space 93696K, 48% used [0x00000007f9880000,0x00000007fc543b78,0x00000007ff400000)
  to   space 94720K, 0% used [0x00000007f3b00000,0x00000007f3b00000,0x00000007f9780000)
 ParOldGen       total 539648K, used 466453K [0x0000000781000000, 0x00000007a1f00000, 0x00000007d5a80000)
  object space 539648K, 86% used [0x0000000781000000,0x000000079d785600,0x00000007a1f00000)
 PSPermGen       total 125952K, used 100205K [0x0000000771000000, 0x0000000778b00000, 0x0000000781000000)
  object space 125952K, 79% used [0x0000000771000000,0x00000007771db588,0x0000000778b00000)
Event: 113.188 GC heap after
Heap after GC invocations=83 (full 8):
 PSYoungGen      total 586752K, used 46815K [0x00000007d5a80000, 0x00000007ffb00000, 0x0000000800000000)
  eden space 492032K, 0% used [0x00000007d5a80000,0x00000007d5a80000,0x00000007f3b00000)
  from space 94720K, 49% used [0x00000007f3b00000,0x00000007f68b7dc0,0x00000007f9780000)
  to   space 91648K, 0% used [0x00000007fa180000,0x00000007fa180000,0x00000007ffb00000)
 ParOldGen       total 539648K, used 466453K [0x0000000781000000, 0x00000007a1f00000, 0x00000007d5a80000)
  object space 539648K, 86% used [0x0000000781000000,0x000000079d785600,0x00000007a1f00000)
 PSPermGen       total 125952K, used 100205K [0x0000000771000000, 0x0000000778b00000, 0x0000000781000000)
  object space 125952K, 79% used [0x0000000771000000,0x00000007771db588,0x0000000778b00000)
}
Event: 113.743 GC heap before
{Heap before GC invocations=84 (full 8):
 PSYoungGen      total 586752K, used 538847K [0x00000007d5a80000, 0x00000007ffb00000, 0x0000000800000000)
  eden space 492032K, 100% used [0x00000007d5a80000,0x00000007f3b00000,0x00000007f3b00000)
  from space 94720K, 49% used [0x00000007f3b00000,0x00000007f68b7dc0,0x00000007f9780000)
  to   space 91648K, 0% used [0x00000007fa180000,0x00000007fa180000,0x00000007ffb00000)
 ParOldGen       total 539648K, used 466453K [0x0000000781000000, 0x00000007a1f00000, 0x00000007d5a80000)
  object space 539648K, 86% used [0x0000000781000000,0x000000079d785600,0x00000007a1f00000)
 PSPermGen       total 125952K, used 100215K [0x0000000771000000, 0x0000000778b00000, 0x0000000781000000)
  object space 125952K, 79% used [0x0000000771000000,0x00000007771ddcc0,0x0000000778b00000)
Event: 113.770 GC heap after
Heap after GC invocations=84 (full 8):
 PSYoungGen      total 592896K, used 36555K [0x00000007d5a80000, 0x00000007ff500000, 0x0000000800000000)
  eden space 507392K, 0% used [0x00000007d5a80000,0x00000007d5a80000,0x00000007f4a00000)
  from space 85504K, 42% used [0x00000007fa180000,0x00000007fc532eb0,0x00000007ff500000)
  to   space 87552K, 0% used [0x00000007f4a00000,0x00000007f4a00000,0x00000007f9f80000)
 ParOldGen       total 539648K, used 475998K [0x0000000781000000, 0x00000007a1f00000, 0x00000007d5a80000)
  object space 539648K, 88% used [0x0000000781000000,0x000000079e0d7a60,0x00000007a1f00000)
 PSPermGen       total 125952K, used 100215K [0x0000000771000000, 0x0000000778b00000, 0x0000000781000000)
  object space 125952K, 79% used [0x0000000771000000,0x00000007771ddcc0,0x0000000778b00000)
}
Event: 114.364 GC heap before
{Heap before GC invocations=85 (full 8):
 PSYoungGen      total 592896K, used 543947K [0x00000007d5a80000, 0x00000007ff500000, 0x0000000800000000)
  eden space 507392K, 100% used [0x00000007d5a80000,0x00000007f4a00000,0x00000007f4a00000)
  from space 85504K, 42% used [0x00000007fa180000,0x00000007fc532eb0,0x00000007ff500000)
  to   space 87552K, 0% used [0x00000007f4a00000,0x00000007f4a00000,0x00000007f9f80000)
 ParOldGen       total 539648K, used 475998K [0x0000000781000000, 0x00000007a1f00000, 0x00000007d5a80000)
  object space 539648K, 88% used [0x0000000781000000,0x000000079e0d7a60,0x00000007a1f00000)
 PSPermGen       total 125952K, used 100225K [0x0000000771000000, 0x0000000778b00000, 0x0000000781000000)
  object space 125952K, 79% used [0x0000000771000000,0x00000007771e0538,0x0000000778b00000)
Event: 114.387 GC heap after
Heap after GC invocations=85 (full 8):
 PSYoungGen      total 594944K, used 24596K [0x00000007d5a80000, 0x00000007ffe00000, 0x0000000800000000)
  eden space 507392K, 0% used [0x00000007d5a80000,0x00000007d5a80000,0x00000007f4a00000)
  from space 87552K, 28% used [0x00000007f4a00000,0x00000007f62050d0,0x00000007f9f80000)
  to   space 85504K, 0% used [0x00000007faa80000,0x00000007faa80000,0x00000007ffe00000)
 ParOldGen       total 539648K, used 489456K [0x0000000781000000, 0x00000007a1f00000, 0x00000007d5a80000)
  object space 539648K, 90% used [0x0000000781000000,0x000000079edfc2f0,0x00000007a1f00000)
 PSPermGen       total 125952K, used 100225K [0x0000000771000000, 0x0000000778b00000, 0x0000000781000000)
  object space 125952K, 79% used [0x0000000771000000,0x00000007771e0538,0x0000000778b00000)
}
Event: 117.764 GC heap before
{Heap before GC invocations=86 (full 8):
 PSYoungGen      total 594944K, used 531988K [0x00000007d5a80000, 0x00000007ffe00000, 0x0000000800000000)
  eden space 507392K, 100% used [0x00000007d5a80000,0x00000007f4a00000,0x00000007f4a00000)
  from space 87552K, 28% used [0x00000007f4a00000,0x00000007f62050d0,0x00000007f9f80000)
  to   space 85504K, 0% used [0x00000007faa80000,0x00000007faa80000,0x00000007ffe00000)
 ParOldGen       total 539648K, used 489456K [0x0000000781000000, 0x00000007a1f00000, 0x00000007d5a80000)
  object space 539648K, 90% used [0x0000000781000000,0x000000079edfc2f0,0x00000007a1f00000)
 PSPermGen       total 125952K, used 100472K [0x0000000771000000, 0x0000000778b00000, 0x0000000781000000)
  object space 125952K, 79% used [0x0000000771000000,0x000000077721e090,0x0000000778b00000)
Event: 117.785 GC heap after
Heap after GC invocations=86 (full 8):
 PSYoungGen      total 604160K, used 2456K [0x00000007d5a80000, 0x0000000800000000, 0x0000000800000000)
  eden space 518656K, 0% used [0x00000007d5a80000,0x00000007d5a80000,0x00000007f5500000)
  from space 85504K, 2% used [0x00000007faa80000,0x00000007face6240,0x00000007ffe00000)
  to   space 87552K, 0% used [0x00000007f5500000,0x00000007f5500000,0x00000007faa80000)
 ParOldGen       total 539648K, used 514166K [0x0000000781000000, 0x00000007a1f00000, 0x00000007d5a80000)
  object space 539648K, 95% used [0x0000000781000000,0x00000007a061db98,0x00000007a1f00000)
 PSPermGen       total 125952K, used 100472K [0x0000000771000000, 0x0000000778b00000, 0x0000000781000000)
  object space 125952K, 79% used [0x0000000771000000,0x000000077721e090,0x0000000778b00000)
}
Event: 117.785 GC heap before
{Heap before GC invocations=87 (full 9):
 PSYoungGen      total 604160K, used 2456K [0x00000007d5a80000, 0x0000000800000000, 0x0000000800000000)
  eden space 518656K, 0% used [0x00000007d5a80000,0x00000007d5a80000,0x00000007f5500000)
  from space 85504K, 2% used [0x00000007faa80000,0x00000007face6240,0x00000007ffe00000)
  to   space 87552K, 0% used [0x00000007f5500000,0x00000007f5500000,0x00000007faa80000)
 ParOldGen       total 539648K, used 514166K [0x0000000781000000, 0x00000007a1f00000, 0x00000007d5a80000)
  object space 539648K, 95% used [0x0000000781000000,0x00000007a061db98,0x00000007a1f00000)
 PSPermGen       total 125952K, used 100472K [0x0000000771000000, 0x0000000778b00000, 0x0000000781000000)
  object space 125952K, 79% used [0x0000000771000000,0x000000077721e090,0x0000000778b00000)
Event: 118.153 GC heap after
Heap after GC invocations=87 (full 9):
 PSYoungGen      total 604160K, used 0K [0x00000007d5a80000, 0x0000000800000000, 0x0000000800000000)
  eden space 518656K, 0% used [0x00000007d5a80000,0x00000007d5a80000,0x00000007f5500000)
  from space 85504K, 0% used [0x00000007faa80000,0x00000007faa80000,0x00000007ffe00000)
  to   space 87552K, 0% used [0x00000007f5500000,0x00000007f5500000,0x00000007faa80000)
 ParOldGen       total 695296K, used 501914K [0x0000000781000000, 0x00000007ab700000, 0x00000007d5a80000)
  object space 695296K, 72% used [0x0000000781000000,0x000000079fa26ad0,0x00000007ab700000)
 PSPermGen       total 128000K, used 100465K [0x0000000771000000, 0x0000000778d00000, 0x0000000781000000)
  object space 128000K, 78% used [0x0000000771000000,0x000000077721c620,0x0000000778d00000)
}

