# JRE version: Java(TM) SE Runtime Environment (7.0_55-b13) (build 1.7.0_55-b13)
# Java VM: Java HotSpot(TM) 64-Bit Server VM (24.55-b03 mixed mode windows-amd64 compressed oops)
Heap
 PSYoungGen      total 105472K, used 7921K [0x00000007d5a80000, 0x00000007e3f80000, 0x0000000800000000)
  eden space 103936K, 7% used [0x00000007d5a80000,0x00000007d623c760,0x00000007dc000000)
  from space 1536K, 0% used [0x00000007e3c80000,0x00000007e3c80000,0x00000007e3e00000)
  to   space 1536K, 0% used [0x00000007e3e00000,0x00000007e3e00000,0x00000007e3f80000)
 ParOldGen       total 575488K, used 496553K [0x0000000781000000, 0x00000007a4200000, 0x00000007d5a80000)
  object space 575488K, 86% used [0x0000000781000000,0x000000079f4ea5a0,0x00000007a4200000)
 PSPermGen       total 123392K, used 101270K [0x0000000771000000, 0x0000000778880000, 0x0000000781000000)
  object space 123392K, 82% used [0x0000000771000000,0x00000007772e5a40,0x0000000778880000)
GC Heap History (10 events):
Event: 1790.649 GC heap before
{Heap before GC invocations=150 (full 11):
 PSYoungGen      total 105984K, used 0K [0x00000007d5a80000, 0x00000007e4100000, 0x0000000800000000)
  eden space 103936K, 0% used [0x00000007d5a80000,0x00000007d5a80000,0x00000007dc000000)
  from space 2048K, 0% used [0x00000007e3d00000,0x00000007e3d00000,0x00000007e3f00000)
  to   space 2048K, 0% used [0x00000007e3f00000,0x00000007e3f00000,0x00000007e4100000)
 ParOldGen       total 575488K, used 498026K [0x0000000781000000, 0x00000007a4200000, 0x00000007d5a80000)
  object space 575488K, 86% used [0x0000000781000000,0x000000079f65ab08,0x00000007a4200000)
 PSPermGen       total 129536K, used 101213K [0x0000000771000000, 0x0000000778e80000, 0x0000000781000000)
  object space 129536K, 78% used [0x0000000771000000,0x00000007772d74e0,0x0000000778e80000)
Event: 1791.005 GC heap after
Heap after GC invocations=150 (full 11):
 PSYoungGen      total 105984K, used 0K [0x00000007d5a80000, 0x00000007e4100000, 0x0000000800000000)
  eden space 103936K, 0% used [0x00000007d5a80000,0x00000007d5a80000,0x00000007dc000000)
  from space 2048K, 0% used [0x00000007e3d00000,0x00000007e3d00000,0x00000007e3f00000)
  to   space 2048K, 0% used [0x00000007e3f00000,0x00000007e3f00000,0x00000007e4100000)
 ParOldGen       total 575488K, used 498026K [0x0000000781000000, 0x00000007a4200000, 0x00000007d5a80000)
  object space 575488K, 86% used [0x0000000781000000,0x000000079f65ab08,0x00000007a4200000)
 PSPermGen       total 127488K, used 101213K [0x0000000771000000, 0x0000000778c80000, 0x0000000781000000)
  object space 127488K, 79% used [0x0000000771000000,0x00000007772d74e0,0x0000000778c80000)
}
Event: 1791.655 GC heap before
{Heap before GC invocations=151 (full 11):
 PSYoungGen      total 105984K, used 26682K [0x00000007d5a80000, 0x00000007e4100000, 0x0000000800000000)
  eden space 103936K, 25% used [0x00000007d5a80000,0x00000007d748e8d0,0x00000007dc000000)
  from space 2048K, 0% used [0x00000007e3d00000,0x00000007e3d00000,0x00000007e3f00000)
  to   space 2048K, 0% used [0x00000007e3f00000,0x00000007e3f00000,0x00000007e4100000)
 ParOldGen       total 575488K, used 498026K [0x0000000781000000, 0x00000007a4200000, 0x00000007d5a80000)
  object space 575488K, 86% used [0x0000000781000000,0x000000079f65ab08,0x00000007a4200000)
 PSPermGen       total 127488K, used 101258K [0x0000000771000000, 0x0000000778c80000, 0x0000000781000000)
  object space 127488K, 79% used [0x0000000771000000,0x00000007772e2828,0x0000000778c80000)
Event: 1791.677 GC heap after
Heap after GC invocations=151 (full 11):
 PSYoungGen      total 104448K, used 448K [0x00000007d5a80000, 0x00000007e3f80000, 0x0000000800000000)
  eden space 103936K, 0% used [0x00000007d5a80000,0x00000007d5a80000,0x00000007dc000000)
  from space 512K, 87% used [0x00000007e3f00000,0x00000007e3f70000,0x00000007e3f80000)
  to   space 1536K, 0% used [0x00000007e3c80000,0x00000007e3c80000,0x00000007e3e00000)
 ParOldGen       total 575488K, used 498026K [0x0000000781000000, 0x00000007a4200000, 0x00000007d5a80000)
  object space 575488K, 86% used [0x0000000781000000,0x000000079f65ab08,0x00000007a4200000)
 PSPermGen       total 127488K, used 101258K [0x0000000771000000, 0x0000000778c80000, 0x0000000781000000)
  object space 127488K, 79% used [0x0000000771000000,0x00000007772e2828,0x0000000778c80000)
}
Event: 1791.677 GC heap before
{Heap before GC invocations=152 (full 12):
 PSYoungGen      total 104448K, used 448K [0x00000007d5a80000, 0x00000007e3f80000, 0x0000000800000000)
  eden space 103936K, 0% used [0x00000007d5a80000,0x00000007d5a80000,0x00000007dc000000)
  from space 512K, 87% used [0x00000007e3f00000,0x00000007e3f70000,0x00000007e3f80000)
  to   space 1536K, 0% used [0x00000007e3c80000,0x00000007e3c80000,0x00000007e3e00000)
 ParOldGen       total 575488K, used 498026K [0x0000000781000000, 0x00000007a4200000, 0x00000007d5a80000)
  object space 575488K, 86% used [0x0000000781000000,0x000000079f65ab08,0x00000007a4200000)
 PSPermGen       total 127488K, used 101258K [0x0000000771000000, 0x0000000778c80000, 0x0000000781000000)
  object space 127488K, 79% used [0x0000000771000000,0x00000007772e2828,0x0000000778c80000)
Event: 1792.764 GC heap after
Heap after GC invocations=152 (full 12):
 PSYoungGen      total 104448K, used 0K [0x00000007d5a80000, 0x00000007e3f80000, 0x0000000800000000)
  eden space 103936K, 0% used [0x00000007d5a80000,0x00000007d5a80000,0x00000007dc000000)
  from space 512K, 0% used [0x00000007e3f00000,0x00000007e3f00000,0x00000007e3f80000)
  to   space 1536K, 0% used [0x00000007e3c80000,0x00000007e3c80000,0x00000007e3e00000)
 ParOldGen       total 575488K, used 496553K [0x0000000781000000, 0x00000007a4200000, 0x00000007d5a80000)
  object space 575488K, 86% used [0x0000000781000000,0x000000079f4ea578,0x00000007a4200000)
 PSPermGen       total 125440K, used 101257K [0x0000000771000000, 0x0000000778a80000, 0x0000000781000000)
  object space 125440K, 80% used [0x0000000771000000,0x00000007772e25c8,0x0000000778a80000)
}
Event: 1792.764 GC heap before
{Heap before GC invocations=153 (full 12):
 PSYoungGen      total 104448K, used 303K [0x00000007d5a80000, 0x00000007e3f80000, 0x0000000800000000)
  eden space 103936K, 0% used [0x00000007d5a80000,0x00000007d5acbcd8,0x00000007dc000000)
  from space 512K, 0% used [0x00000007e3f00000,0x00000007e3f00000,0x00000007e3f80000)
  to   space 1536K, 0% used [0x00000007e3c80000,0x00000007e3c80000,0x00000007e3e00000)
 ParOldGen       total 575488K, used 496553K [0x0000000781000000, 0x00000007a4200000, 0x00000007d5a80000)
  object space 575488K, 86% used [0x0000000781000000,0x000000079f4ea578,0x00000007a4200000)
 PSPermGen       total 125440K, used 101257K [0x0000000771000000, 0x0000000778a80000, 0x0000000781000000)
  object space 125440K, 80% used [0x0000000771000000,0x00000007772e25c8,0x0000000778a80000)
Event: 1792.775 GC heap after
Heap after GC invocations=153 (full 12):
 PSYoungGen      total 105472K, used 64K [0x00000007d5a80000, 0x00000007e3f80000, 0x0000000800000000)
  eden space 103936K, 0% used [0x00000007d5a80000,0x00000007d5a80000,0x00000007dc000000)
  from space 1536K, 4% used [0x00000007e3c80000,0x00000007e3c90000,0x00000007e3e00000)
  to   space 1536K, 0% used [0x00000007e3e00000,0x00000007e3e00000,0x00000007e3f80000)
 ParOldGen       total 575488K, used 496553K [0x0000000781000000, 0x00000007a4200000, 0x00000007d5a80000)
  object space 575488K, 86% used [0x0000000781000000,0x000000079f4ea578,0x00000007a4200000)
 PSPermGen       total 125440K, used 101257K [0x0000000771000000, 0x0000000778a80000, 0x0000000781000000)
  object space 125440K, 80% used [0x0000000771000000,0x00000007772e25c8,0x0000000778a80000)
}
Event: 1792.775 GC heap before
{Heap before GC invocations=154 (full 13):
 PSYoungGen      total 105472K, used 64K [0x00000007d5a80000, 0x00000007e3f80000, 0x0000000800000000)
  eden space 103936K, 0% used [0x00000007d5a80000,0x00000007d5a80000,0x00000007dc000000)
  from space 1536K, 4% used [0x00000007e3c80000,0x00000007e3c90000,0x00000007e3e00000)
  to   space 1536K, 0% used [0x00000007e3e00000,0x00000007e3e00000,0x00000007e3f80000)
 ParOldGen       total 575488K, used 496553K [0x0000000781000000, 0x00000007a4200000, 0x00000007d5a80000)
  object space 575488K, 86% used [0x0000000781000000,0x000000079f4ea578,0x00000007a4200000)
 PSPermGen       total 125440K, used 101257K [0x0000000771000000, 0x0000000778a80000, 0x0000000781000000)
  object space 125440K, 80% used [0x0000000771000000,0x00000007772e25c8,0x0000000778a80000)
Event: 1793.126 GC heap after
Heap after GC invocations=154 (full 13):
 PSYoungGen      total 105472K, used 0K [0x00000007d5a80000, 0x00000007e3f80000, 0x0000000800000000)
  eden space 103936K, 0% used [0x00000007d5a80000,0x00000007d5a80000,0x00000007dc000000)
  from space 1536K, 0% used [0x00000007e3c80000,0x00000007e3c80000,0x00000007e3e00000)
  to   space 1536K, 0% used [0x00000007e3e00000,0x00000007e3e00000,0x00000007e3f80000)
 ParOldGen       total 575488K, used 496553K [0x0000000781000000, 0x00000007a4200000, 0x00000007d5a80000)
  object space 575488K, 86% used [0x0000000781000000,0x000000079f4ea5a0,0x00000007a4200000)
 PSPermGen       total 123392K, used 101257K [0x0000000771000000, 0x0000000778880000, 0x0000000781000000)
  object space 123392K, 82% used [0x0000000771000000,0x00000007772e25c8,0x0000000778880000)
}

