# JRE version: Java(TM) SE Runtime Environment (7.0_55-b13) (build 1.7.0_55-b13)
# Java VM: Java HotSpot(TM) 64-Bit Server VM (24.55-b03 mixed mode windows-amd64 compressed oops)
Heap
 PSYoungGen      total 173056K, used 21051K [0x00000007d5a80000, 0x00000007e0b00000, 0x0000000800000000)
  eden space 165376K, 12% used [0x00000007d5a80000,0x00000007d6f0ef40,0x00000007dfc00000)
  from space 7680K, 0% used [0x00000007e0380000,0x00000007e0380000,0x00000007e0b00000)
  to   space 7680K, 0% used [0x00000007dfc00000,0x00000007dfc00000,0x00000007e0380000)
 ParOldGen       total 724992K, used 494870K [0x0000000781000000, 0x00000007ad400000, 0x00000007d5a80000)
  object space 724992K, 68% used [0x0000000781000000,0x000000079f3458a8,0x00000007ad400000)
 PSPermGen       total 101888K, used 91422K [0x0000000771000000, 0x0000000777380000, 0x0000000781000000)
  object space 101888K, 89% used [0x0000000771000000,0x0000000776947aa8,0x0000000777380000)
GC Heap History (10 events):
Event: 2625.978 GC heap before
{Heap before GC invocations=428 (full 16):
 PSYoungGen      total 172544K, used 4176K [0x00000007d5a80000, 0x00000007e0a00000, 0x0000000800000000)
  eden space 165376K, 0% used [0x00000007d5a80000,0x00000007d5a80000,0x00000007dfc00000)
  from space 7168K, 58% used [0x00000007e0300000,0x00000007e0714010,0x00000007e0a00000)
  to   space 7168K, 0% used [0x00000007dfc00000,0x00000007dfc00000,0x00000007e0300000)
 ParOldGen       total 724992K, used 569208K [0x0000000781000000, 0x00000007ad400000, 0x00000007d5a80000)
  object space 724992K, 78% used [0x0000000781000000,0x00000007a3bde218,0x00000007ad400000)
 PSPermGen       total 106496K, used 92188K [0x0000000771000000, 0x0000000777800000, 0x0000000781000000)
  object space 106496K, 86% used [0x0000000771000000,0x0000000776a070c0,0x0000000777800000)
Event: 2627.052 GC heap after
Heap after GC invocations=428 (full 16):
 PSYoungGen      total 172544K, used 0K [0x00000007d5a80000, 0x00000007e0a00000, 0x0000000800000000)
  eden space 165376K, 0% used [0x00000007d5a80000,0x00000007d5a80000,0x00000007dfc00000)
  from space 7168K, 0% used [0x00000007e0300000,0x00000007e0300000,0x00000007e0a00000)
  to   space 7168K, 0% used [0x00000007dfc00000,0x00000007dfc00000,0x00000007e0300000)
 ParOldGen       total 724992K, used 494859K [0x0000000781000000, 0x00000007ad400000, 0x00000007d5a80000)
  object space 724992K, 68% used [0x0000000781000000,0x000000079f342d58,0x00000007ad400000)
 PSPermGen       total 104960K, used 91410K [0x0000000771000000, 0x0000000777680000, 0x0000000781000000)
  object space 104960K, 87% used [0x0000000771000000,0x0000000776944998,0x0000000777680000)
}
Event: 2627.053 GC heap before
{Heap before GC invocations=429 (full 16):
 PSYoungGen      total 172544K, used 16K [0x00000007d5a80000, 0x00000007e0a00000, 0x0000000800000000)
  eden space 165376K, 0% used [0x00000007d5a80000,0x00000007d5a84100,0x00000007dfc00000)
  from space 7168K, 0% used [0x00000007e0300000,0x00000007e0300000,0x00000007e0a00000)
  to   space 7168K, 0% used [0x00000007dfc00000,0x00000007dfc00000,0x00000007e0300000)
 ParOldGen       total 724992K, used 494859K [0x0000000781000000, 0x00000007ad400000, 0x00000007d5a80000)
  object space 724992K, 68% used [0x0000000781000000,0x000000079f342d58,0x00000007ad400000)
 PSPermGen       total 104960K, used 91410K [0x0000000771000000, 0x0000000777680000, 0x0000000781000000)
  object space 104960K, 87% used [0x0000000771000000,0x0000000776944998,0x0000000777680000)
Event: 2627.061 GC heap after
Heap after GC invocations=429 (full 16):
 PSYoungGen      total 172544K, used 128K [0x00000007d5a80000, 0x00000007e0b00000, 0x0000000800000000)
  eden space 165376K, 0% used [0x00000007d5a80000,0x00000007d5a80000,0x00000007dfc00000)
  from space 7168K, 1% used [0x00000007dfc00000,0x00000007dfc20000,0x00000007e0300000)
  to   space 7680K, 0% used [0x00000007e0380000,0x00000007e0380000,0x00000007e0b00000)
 ParOldGen       total 724992K, used 494859K [0x0000000781000000, 0x00000007ad400000, 0x00000007d5a80000)
  object space 724992K, 68% used [0x0000000781000000,0x000000079f342d58,0x00000007ad400000)
 PSPermGen       total 104960K, used 91410K [0x0000000771000000, 0x0000000777680000, 0x0000000781000000)
  object space 104960K, 87% used [0x0000000771000000,0x0000000776944998,0x0000000777680000)
}
Event: 2627.061 GC heap before
{Heap before GC invocations=430 (full 17):
 PSYoungGen      total 172544K, used 128K [0x00000007d5a80000, 0x00000007e0b00000, 0x0000000800000000)
  eden space 165376K, 0% used [0x00000007d5a80000,0x00000007d5a80000,0x00000007dfc00000)
  from space 7168K, 1% used [0x00000007dfc00000,0x00000007dfc20000,0x00000007e0300000)
  to   space 7680K, 0% used [0x00000007e0380000,0x00000007e0380000,0x00000007e0b00000)
 ParOldGen       total 724992K, used 494859K [0x0000000781000000, 0x00000007ad400000, 0x00000007d5a80000)
  object space 724992K, 68% used [0x0000000781000000,0x000000079f342d58,0x00000007ad400000)
 PSPermGen       total 104960K, used 91410K [0x0000000771000000, 0x0000000777680000, 0x0000000781000000)
  object space 104960K, 87% used [0x0000000771000000,0x0000000776944998,0x0000000777680000)
Event: 2627.459 GC heap after
Heap after GC invocations=430 (full 17):
 PSYoungGen      total 172544K, used 0K [0x00000007d5a80000, 0x00000007e0b00000, 0x0000000800000000)
  eden space 165376K, 0% used [0x00000007d5a80000,0x00000007d5a80000,0x00000007dfc00000)
  from space 7168K, 0% used [0x00000007dfc00000,0x00000007dfc00000,0x00000007e0300000)
  to   space 7680K, 0% used [0x00000007e0380000,0x00000007e0380000,0x00000007e0b00000)
 ParOldGen       total 724992K, used 494859K [0x0000000781000000, 0x00000007ad400000, 0x00000007d5a80000)
  object space 724992K, 68% used [0x0000000781000000,0x000000079f342e68,0x00000007ad400000)
 PSPermGen       total 103424K, used 91410K [0x0000000771000000, 0x0000000777500000, 0x0000000781000000)
  object space 103424K, 88% used [0x0000000771000000,0x0000000776944998,0x0000000777500000)
}
Event: 2627.487 GC heap before
{Heap before GC invocations=431 (full 17):
 PSYoungGen      total 172544K, used 6397K [0x00000007d5a80000, 0x00000007e0b00000, 0x0000000800000000)
  eden space 165376K, 3% used [0x00000007d5a80000,0x00000007d60bf5a0,0x00000007dfc00000)
  from space 7168K, 0% used [0x00000007dfc00000,0x00000007dfc00000,0x00000007e0300000)
  to   space 7680K, 0% used [0x00000007e0380000,0x00000007e0380000,0x00000007e0b00000)
 ParOldGen       total 724992K, used 494859K [0x0000000781000000, 0x00000007ad400000, 0x00000007d5a80000)
  object space 724992K, 68% used [0x0000000781000000,0x000000079f342e68,0x00000007ad400000)
 PSPermGen       total 103424K, used 91410K [0x0000000771000000, 0x0000000777500000, 0x0000000781000000)
  object space 103424K, 88% used [0x0000000771000000,0x0000000776944ab8,0x0000000777500000)
Event: 2627.496 GC heap after
Heap after GC invocations=431 (full 17):
 PSYoungGen      total 173056K, used 288K [0x00000007d5a80000, 0x00000007e0b00000, 0x0000000800000000)
  eden space 165376K, 0% used [0x00000007d5a80000,0x00000007d5a80000,0x00000007dfc00000)
  from space 7680K, 3% used [0x00000007e0380000,0x00000007e03c8000,0x00000007e0b00000)
  to   space 7680K, 0% used [0x00000007dfc00000,0x00000007dfc00000,0x00000007e0380000)
 ParOldGen       total 724992K, used 494859K [0x0000000781000000, 0x00000007ad400000, 0x00000007d5a80000)
  object space 724992K, 68% used [0x0000000781000000,0x000000079f342e68,0x00000007ad400000)
 PSPermGen       total 103424K, used 91410K [0x0000000771000000, 0x0000000777500000, 0x0000000781000000)
  object space 103424K, 88% used [0x0000000771000000,0x0000000776944ab8,0x0000000777500000)
}
Event: 2627.496 GC heap before
{Heap before GC invocations=432 (full 18):
 PSYoungGen      total 173056K, used 288K [0x00000007d5a80000, 0x00000007e0b00000, 0x0000000800000000)
  eden space 165376K, 0% used [0x00000007d5a80000,0x00000007d5a80000,0x00000007dfc00000)
  from space 7680K, 3% used [0x00000007e0380000,0x00000007e03c8000,0x00000007e0b00000)
  to   space 7680K, 0% used [0x00000007dfc00000,0x00000007dfc00000,0x00000007e0380000)
 ParOldGen       total 724992K, used 494859K [0x0000000781000000, 0x00000007ad400000, 0x00000007d5a80000)
  object space 724992K, 68% used [0x0000000781000000,0x000000079f342e68,0x00000007ad400000)
 PSPermGen       total 103424K, used 91410K [0x0000000771000000, 0x0000000777500000, 0x0000000781000000)
  object space 103424K, 88% used [0x0000000771000000,0x0000000776944ab8,0x0000000777500000)
Event: 2627.987 GC heap after
Heap after GC invocations=432 (full 18):
 PSYoungGen      total 173056K, used 0K [0x00000007d5a80000, 0x00000007e0b00000, 0x0000000800000000)
  eden space 165376K, 0% used [0x00000007d5a80000,0x00000007d5a80000,0x00000007dfc00000)
  from space 7680K, 0% used [0x00000007e0380000,0x00000007e0380000,0x00000007e0b00000)
  to   space 7680K, 0% used [0x00000007dfc00000,0x00000007dfc00000,0x00000007e0380000)
 ParOldGen       total 724992K, used 494870K [0x0000000781000000, 0x00000007ad400000, 0x00000007d5a80000)
  object space 724992K, 68% used [0x0000000781000000,0x000000079f3458a8,0x00000007ad400000)
 PSPermGen       total 101888K, used 91410K [0x0000000771000000, 0x0000000777380000, 0x0000000781000000)
  object space 101888K, 89% used [0x0000000771000000,0x0000000776944a38,0x0000000777380000)
}

