# JRE version: Java(TM) SE Runtime Environment (7.0_55-b13) (build 1.7.0_55-b13)
# Java VM: Java HotSpot(TM) 64-Bit Server VM (24.55-b03 mixed mode windows-amd64 compressed oops)
Heap
 PSYoungGen      total 550912K, used 346232K [0x00000007d5a80000, 0x00000007ff980000, 0x0000000800000000)
  eden space 412672K, 81% used [0x00000007d5a80000,0x00000007ea458390,0x00000007eed80000)
  from space 138240K, 6% used [0x00000007f7280000,0x00000007f7ac5f90,0x00000007ff980000)
  to   space 136192K, 0% used [0x00000007eed80000,0x00000007eed80000,0x00000007f7280000)
 ParOldGen       total 503296K, used 357071K [0x0000000781000000, 0x000000079fb80000, 0x00000007d5a80000)
  object space 503296K, 70% used [0x0000000781000000,0x0000000796cb3e60,0x000000079fb80000)
 PSPermGen       total 116736K, used 85620K [0x0000000771000000, 0x0000000778200000, 0x0000000781000000)
  object space 116736K, 73% used [0x0000000771000000,0x000000077639d358,0x0000000778200000)
GC Heap History (10 events):
Event: 48.978 GC heap before
{Heap before GC invocations=43 (full 5):
 PSYoungGen      total 531456K, used 401548K [0x00000007d5a80000, 0x0000000800000000, 0x0000000800000000)
  eden space 387072K, 98% used [0x00000007d5a80000,0x00000007ed0b2f40,0x00000007ed480000)
  from space 144384K, 12% used [0x00000007ed480000,0x00000007ee670210,0x00000007f6180000)
  to   space 145408K, 0% used [0x00000007f7200000,0x00000007f7200000,0x0000000800000000)
 ParOldGen       total 503296K, used 321755K [0x0000000781000000, 0x000000079fb80000, 0x00000007d5a80000)
  object space 503296K, 63% used [0x0000000781000000,0x0000000794a36ff0,0x000000079fb80000)
 PSPermGen       total 116736K, used 76339K [0x0000000771000000, 0x0000000778200000, 0x0000000781000000)
  object space 116736K, 65% used [0x0000000771000000,0x0000000775a8cfa0,0x0000000778200000)
Event: 48.992 GC heap after
Heap after GC invocations=43 (full 5):
 PSYoungGen      total 548352K, used 14296K [0x00000007d5a80000, 0x0000000800000000, 0x0000000800000000)
  eden space 402944K, 0% used [0x00000007d5a80000,0x00000007d5a80000,0x00000007ee400000)
  from space 145408K, 9% used [0x00000007f7200000,0x00000007f7ff6040,0x0000000800000000)
  to   space 145408K, 0% used [0x00000007ee400000,0x00000007ee400000,0x00000007f7200000)
 ParOldGen       total 503296K, used 322476K [0x0000000781000000, 0x000000079fb80000, 0x00000007d5a80000)
  object space 503296K, 64% used [0x0000000781000000,0x0000000794aeb0c0,0x000000079fb80000)
 PSPermGen       total 116736K, used 76339K [0x0000000771000000, 0x0000000778200000, 0x0000000781000000)
  object space 116736K, 65% used [0x0000000771000000,0x0000000775a8cfa0,0x0000000778200000)
}
Event: 49.699 GC heap before
{Heap before GC invocations=44 (full 5):
 PSYoungGen      total 548352K, used 417240K [0x00000007d5a80000, 0x0000000800000000, 0x0000000800000000)
  eden space 402944K, 100% used [0x00000007d5a80000,0x00000007ee400000,0x00000007ee400000)
  from space 145408K, 9% used [0x00000007f7200000,0x00000007f7ff6040,0x0000000800000000)
  to   space 145408K, 0% used [0x00000007ee400000,0x00000007ee400000,0x00000007f7200000)
 ParOldGen       total 503296K, used 322476K [0x0000000781000000, 0x000000079fb80000, 0x00000007d5a80000)
  object space 503296K, 64% used [0x0000000781000000,0x0000000794aeb0c0,0x000000079fb80000)
 PSPermGen       total 116736K, used 76352K [0x0000000771000000, 0x0000000778200000, 0x0000000781000000)
  object space 116736K, 65% used [0x0000000771000000,0x0000000775a90308,0x0000000778200000)
Event: 49.726 GC heap after
Heap after GC invocations=44 (full 5):
 PSYoungGen      total 422400K, used 18962K [0x00000007d5a80000, 0x00000007ffc00000, 0x0000000800000000)
  eden space 402944K, 0% used [0x00000007d5a80000,0x00000007d5a80000,0x00000007ee400000)
  from space 19456K, 97% used [0x00000007ee400000,0x00000007ef684910,0x00000007ef700000)
  to   space 143360K, 0% used [0x00000007f7000000,0x00000007f7000000,0x00000007ffc00000)
 ParOldGen       total 503296K, used 335728K [0x0000000781000000, 0x000000079fb80000, 0x00000007d5a80000)
  object space 503296K, 66% used [0x0000000781000000,0x00000007957dc338,0x000000079fb80000)
 PSPermGen       total 116736K, used 76352K [0x0000000771000000, 0x0000000778200000, 0x0000000781000000)
  object space 116736K, 65% used [0x0000000771000000,0x0000000775a90308,0x0000000778200000)
}
Event: 50.817 GC heap before
{Heap before GC invocations=45 (full 5):
 PSYoungGen      total 422400K, used 421906K [0x00000007d5a80000, 0x00000007ffc00000, 0x0000000800000000)
  eden space 402944K, 100% used [0x00000007d5a80000,0x00000007ee400000,0x00000007ee400000)
  from space 19456K, 97% used [0x00000007ee400000,0x00000007ef684910,0x00000007ef700000)
  to   space 143360K, 0% used [0x00000007f7000000,0x00000007f7000000,0x00000007ffc00000)
 ParOldGen       total 503296K, used 335728K [0x0000000781000000, 0x000000079fb80000, 0x00000007d5a80000)
  object space 503296K, 66% used [0x0000000781000000,0x00000007957dc338,0x000000079fb80000)
 PSPermGen       total 116736K, used 78629K [0x0000000771000000, 0x0000000778200000, 0x0000000781000000)
  object space 116736K, 67% used [0x0000000771000000,0x0000000775cc97c0,0x0000000778200000)
Event: 50.838 GC heap after
Heap after GC invocations=45 (full 5):
 PSYoungGen      total 549376K, used 20194K [0x00000007d5a80000, 0x0000000800000000, 0x0000000800000000)
  eden space 406016K, 0% used [0x00000007d5a80000,0x00000007d5a80000,0x00000007ee700000)
  from space 143360K, 14% used [0x00000007f7000000,0x00000007f83b8bd8,0x00000007ffc00000)
  to   space 140288K, 0% used [0x00000007ee700000,0x00000007ee700000,0x00000007f7000000)
 ParOldGen       total 503296K, used 336440K [0x0000000781000000, 0x000000079fb80000, 0x00000007d5a80000)
  object space 503296K, 66% used [0x0000000781000000,0x000000079588e358,0x000000079fb80000)
 PSPermGen       total 116736K, used 78629K [0x0000000771000000, 0x0000000778200000, 0x0000000781000000)
  object space 116736K, 67% used [0x0000000771000000,0x0000000775cc97c0,0x0000000778200000)
}
Event: 51.959 GC heap before
{Heap before GC invocations=46 (full 5):
 PSYoungGen      total 549376K, used 426210K [0x00000007d5a80000, 0x0000000800000000, 0x0000000800000000)
  eden space 406016K, 100% used [0x00000007d5a80000,0x00000007ee700000,0x00000007ee700000)
  from space 143360K, 14% used [0x00000007f7000000,0x00000007f83b8bd8,0x00000007ffc00000)
  to   space 140288K, 0% used [0x00000007ee700000,0x00000007ee700000,0x00000007f7000000)
 ParOldGen       total 503296K, used 336440K [0x0000000781000000, 0x000000079fb80000, 0x00000007d5a80000)
  object space 503296K, 66% used [0x0000000781000000,0x000000079588e358,0x000000079fb80000)
 PSPermGen       total 116736K, used 80440K [0x0000000771000000, 0x0000000778200000, 0x0000000781000000)
  object space 116736K, 68% used [0x0000000771000000,0x0000000775e8e2c8,0x0000000778200000)
Event: 51.978 GC heap after
Heap after GC invocations=46 (full 5):
 PSYoungGen      total 546304K, used 8546K [0x00000007d5a80000, 0x00000007ffa00000, 0x0000000800000000)
  eden space 406016K, 0% used [0x00000007d5a80000,0x00000007d5a80000,0x00000007ee700000)
  from space 140288K, 6% used [0x00000007ee700000,0x00000007eef589c0,0x00000007f7000000)
  to   space 138752K, 0% used [0x00000007f7280000,0x00000007f7280000,0x00000007ffa00000)
 ParOldGen       total 503296K, used 350380K [0x0000000781000000, 0x000000079fb80000, 0x00000007d5a80000)
  object space 503296K, 69% used [0x0000000781000000,0x000000079662b3f0,0x000000079fb80000)
 PSPermGen       total 116736K, used 80440K [0x0000000771000000, 0x0000000778200000, 0x0000000781000000)
  object space 116736K, 68% used [0x0000000771000000,0x0000000775e8e2c8,0x0000000778200000)
}
Event: 53.310 GC heap before
{Heap before GC invocations=47 (full 5):
 PSYoungGen      total 546304K, used 414562K [0x00000007d5a80000, 0x00000007ffa00000, 0x0000000800000000)
  eden space 406016K, 100% used [0x00000007d5a80000,0x00000007ee700000,0x00000007ee700000)
  from space 140288K, 6% used [0x00000007ee700000,0x00000007eef589c0,0x00000007f7000000)
  to   space 138752K, 0% used [0x00000007f7280000,0x00000007f7280000,0x00000007ffa00000)
 ParOldGen       total 503296K, used 350380K [0x0000000781000000, 0x000000079fb80000, 0x00000007d5a80000)
  object space 503296K, 69% used [0x0000000781000000,0x000000079662b3f0,0x000000079fb80000)
 PSPermGen       total 116736K, used 83673K [0x0000000771000000, 0x0000000778200000, 0x0000000781000000)
  object space 116736K, 71% used [0x0000000771000000,0x00000007761b6770,0x0000000778200000)
Event: 53.328 GC heap after
Heap after GC invocations=47 (full 5):
 PSYoungGen      total 550912K, used 8471K [0x00000007d5a80000, 0x00000007ff980000, 0x0000000800000000)
  eden space 412672K, 0% used [0x00000007d5a80000,0x00000007d5a80000,0x00000007eed80000)
  from space 138240K, 6% used [0x00000007f7280000,0x00000007f7ac5f90,0x00000007ff980000)
  to   space 136192K, 0% used [0x00000007eed80000,0x00000007eed80000,0x00000007f7280000)
 ParOldGen       total 503296K, used 357071K [0x0000000781000000, 0x000000079fb80000, 0x00000007d5a80000)
  object space 503296K, 70% used [0x0000000781000000,0x0000000796cb3e60,0x000000079fb80000)
 PSPermGen       total 116736K, used 83673K [0x0000000771000000, 0x0000000778200000, 0x0000000781000000)
  object space 116736K, 71% used [0x0000000771000000,0x00000007761b6770,0x0000000778200000)
}

