# JRE version: Java(TM) SE Runtime Environment (7.0_55-b13) (build 1.7.0_55-b13)
# Java VM: Java HotSpot(TM) 64-Bit Server VM (24.55-b03 mixed mode windows-amd64 compressed oops)
Heap
 PSYoungGen      total 85504K, used 5972K [0x00000007d5a80000, 0x00000007db800000, 0x0000000800000000)
  eden space 75264K, 7% used [0x00000007d5a80000,0x00000007d6055190,0x00000007da400000)
  from space 10240K, 0% used [0x00000007da400000,0x00000007da400000,0x00000007dae00000)
  to   space 10240K, 0% used [0x00000007dae00000,0x00000007dae00000,0x00000007db800000)
 ParOldGen       total 688128K, used 509577K [0x0000000781000000, 0x00000007ab000000, 0x00000007d5a80000)
  object space 688128K, 74% used [0x0000000781000000,0x00000007a01a2758,0x00000007ab000000)
 PSPermGen       total 130560K, used 104705K [0x0000000771000000, 0x0000000778f80000, 0x0000000781000000)
  object space 130560K, 80% used [0x0000000771000000,0x0000000777640560,0x0000000778f80000)
GC Heap History (10 events):
Event: 1785.007 GC heap before
{Heap before GC invocations=211 (full 10):
 PSYoungGen      total 85504K, used 96K [0x00000007d5a80000, 0x00000007db900000, 0x0000000800000000)
  eden space 74752K, 0% used [0x00000007d5a80000,0x00000007d5a80000,0x00000007da380000)
  from space 10752K, 0% used [0x00000007da380000,0x00000007da398000,0x00000007dae00000)
  to   space 10752K, 0% used [0x00000007dae80000,0x00000007dae80000,0x00000007db900000)
 ParOldGen       total 688128K, used 510979K [0x0000000781000000, 0x00000007ab000000, 0x00000007d5a80000)
  object space 688128K, 74% used [0x0000000781000000,0x00000007a0300ee8,0x00000007ab000000)
 PSPermGen       total 137728K, used 104651K [0x0000000771000000, 0x0000000779680000, 0x0000000781000000)
  object space 137728K, 75% used [0x0000000771000000,0x0000000777632c00,0x0000000779680000)
Event: 1785.375 GC heap after
Heap after GC invocations=211 (full 10):
 PSYoungGen      total 85504K, used 0K [0x00000007d5a80000, 0x00000007db900000, 0x0000000800000000)
  eden space 74752K, 0% used [0x00000007d5a80000,0x00000007d5a80000,0x00000007da380000)
  from space 10752K, 0% used [0x00000007da380000,0x00000007da380000,0x00000007dae00000)
  to   space 10752K, 0% used [0x00000007dae80000,0x00000007dae80000,0x00000007db900000)
 ParOldGen       total 688128K, used 510980K [0x0000000781000000, 0x00000007ab000000, 0x00000007d5a80000)
  object space 688128K, 74% used [0x0000000781000000,0x00000007a03011c0,0x00000007ab000000)
 PSPermGen       total 135680K, used 104650K [0x0000000771000000, 0x0000000779480000, 0x0000000781000000)
  object space 135680K, 77% used [0x0000000771000000,0x0000000777632be0,0x0000000779480000)
}
Event: 1785.820 GC heap before
{Heap before GC invocations=212 (full 10):
 PSYoungGen      total 85504K, used 12949K [0x00000007d5a80000, 0x00000007db900000, 0x0000000800000000)
  eden space 74752K, 17% used [0x00000007d5a80000,0x00000007d6725718,0x00000007da380000)
  from space 10752K, 0% used [0x00000007da380000,0x00000007da380000,0x00000007dae00000)
  to   space 10752K, 0% used [0x00000007dae80000,0x00000007dae80000,0x00000007db900000)
 ParOldGen       total 688128K, used 510980K [0x0000000781000000, 0x00000007ab000000, 0x00000007d5a80000)
  object space 688128K, 74% used [0x0000000781000000,0x00000007a03011c0,0x00000007ab000000)
 PSPermGen       total 135680K, used 104690K [0x0000000771000000, 0x0000000779480000, 0x0000000781000000)
  object space 135680K, 77% used [0x0000000771000000,0x000000077763cb98,0x0000000779480000)
Event: 1785.831 GC heap after
Heap after GC invocations=212 (full 10):
 PSYoungGen      total 84992K, used 480K [0x00000007d5a80000, 0x00000007db800000, 0x0000000800000000)
  eden space 75264K, 0% used [0x00000007d5a80000,0x00000007d5a80000,0x00000007da400000)
  from space 9728K, 4% used [0x00000007dae80000,0x00000007daef8020,0x00000007db800000)
  to   space 10240K, 0% used [0x00000007da400000,0x00000007da400000,0x00000007dae00000)
 ParOldGen       total 688128K, used 510980K [0x0000000781000000, 0x00000007ab000000, 0x00000007d5a80000)
  object space 688128K, 74% used [0x0000000781000000,0x00000007a03011c0,0x00000007ab000000)
 PSPermGen       total 135680K, used 104690K [0x0000000771000000, 0x0000000779480000, 0x0000000781000000)
  object space 135680K, 77% used [0x0000000771000000,0x000000077763cb98,0x0000000779480000)
}
Event: 1785.831 GC heap before
{Heap before GC invocations=213 (full 11):
 PSYoungGen      total 84992K, used 480K [0x00000007d5a80000, 0x00000007db800000, 0x0000000800000000)
  eden space 75264K, 0% used [0x00000007d5a80000,0x00000007d5a80000,0x00000007da400000)
  from space 9728K, 4% used [0x00000007dae80000,0x00000007daef8020,0x00000007db800000)
  to   space 10240K, 0% used [0x00000007da400000,0x00000007da400000,0x00000007dae00000)
 ParOldGen       total 688128K, used 510980K [0x0000000781000000, 0x00000007ab000000, 0x00000007d5a80000)
  object space 688128K, 74% used [0x0000000781000000,0x00000007a03011c0,0x00000007ab000000)
 PSPermGen       total 135680K, used 104690K [0x0000000771000000, 0x0000000779480000, 0x0000000781000000)
  object space 135680K, 77% used [0x0000000771000000,0x000000077763cb98,0x0000000779480000)
Event: 1786.885 GC heap after
Heap after GC invocations=213 (full 11):
 PSYoungGen      total 84992K, used 0K [0x00000007d5a80000, 0x00000007db800000, 0x0000000800000000)
  eden space 75264K, 0% used [0x00000007d5a80000,0x00000007d5a80000,0x00000007da400000)
  from space 9728K, 0% used [0x00000007dae80000,0x00000007dae80000,0x00000007db800000)
  to   space 10240K, 0% used [0x00000007da400000,0x00000007da400000,0x00000007dae00000)
 ParOldGen       total 688128K, used 509577K [0x0000000781000000, 0x00000007ab000000, 0x00000007d5a80000)
  object space 688128K, 74% used [0x0000000781000000,0x00000007a01a2760,0x00000007ab000000)
 PSPermGen       total 133120K, used 104690K [0x0000000771000000, 0x0000000779200000, 0x0000000781000000)
  object space 133120K, 78% used [0x0000000771000000,0x000000077763cab8,0x0000000779200000)
}
Event: 1786.885 GC heap before
{Heap before GC invocations=214 (full 11):
 PSYoungGen      total 84992K, used 744K [0x00000007d5a80000, 0x00000007db800000, 0x0000000800000000)
  eden space 75264K, 0% used [0x00000007d5a80000,0x00000007d5b3a000,0x00000007da400000)
  from space 9728K, 0% used [0x00000007dae80000,0x00000007dae80000,0x00000007db800000)
  to   space 10240K, 0% used [0x00000007da400000,0x00000007da400000,0x00000007dae00000)
 ParOldGen       total 688128K, used 509577K [0x0000000781000000, 0x00000007ab000000, 0x00000007d5a80000)
  object space 688128K, 74% used [0x0000000781000000,0x00000007a01a2760,0x00000007ab000000)
 PSPermGen       total 133120K, used 104690K [0x0000000771000000, 0x0000000779200000, 0x0000000781000000)
  object space 133120K, 78% used [0x0000000771000000,0x000000077763cab8,0x0000000779200000)
Event: 1786.894 GC heap after
Heap after GC invocations=214 (full 11):
 PSYoungGen      total 85504K, used 64K [0x00000007d5a80000, 0x00000007db800000, 0x0000000800000000)
  eden space 75264K, 0% used [0x00000007d5a80000,0x00000007d5a80000,0x00000007da400000)
  from space 10240K, 0% used [0x00000007da400000,0x00000007da410000,0x00000007dae00000)
  to   space 10240K, 0% used [0x00000007dae00000,0x00000007dae00000,0x00000007db800000)
 ParOldGen       total 688128K, used 509577K [0x0000000781000000, 0x00000007ab000000, 0x00000007d5a80000)
  object space 688128K, 74% used [0x0000000781000000,0x00000007a01a2760,0x00000007ab000000)
 PSPermGen       total 133120K, used 104690K [0x0000000771000000, 0x0000000779200000, 0x0000000781000000)
  object space 133120K, 78% used [0x0000000771000000,0x000000077763cab8,0x0000000779200000)
}
Event: 1786.894 GC heap before
{Heap before GC invocations=215 (full 12):
 PSYoungGen      total 85504K, used 64K [0x00000007d5a80000, 0x00000007db800000, 0x0000000800000000)
  eden space 75264K, 0% used [0x00000007d5a80000,0x00000007d5a80000,0x00000007da400000)
  from space 10240K, 0% used [0x00000007da400000,0x00000007da410000,0x00000007dae00000)
  to   space 10240K, 0% used [0x00000007dae00000,0x00000007dae00000,0x00000007db800000)
 ParOldGen       total 688128K, used 509577K [0x0000000781000000, 0x00000007ab000000, 0x00000007d5a80000)
  object space 688128K, 74% used [0x0000000781000000,0x00000007a01a2760,0x00000007ab000000)
 PSPermGen       total 133120K, used 104690K [0x0000000771000000, 0x0000000779200000, 0x0000000781000000)
  object space 133120K, 78% used [0x0000000771000000,0x000000077763cab8,0x0000000779200000)
Event: 1787.242 GC heap after
Heap after GC invocations=215 (full 12):
 PSYoungGen      total 85504K, used 0K [0x00000007d5a80000, 0x00000007db800000, 0x0000000800000000)
  eden space 75264K, 0% used [0x00000007d5a80000,0x00000007d5a80000,0x00000007da400000)
  from space 10240K, 0% used [0x00000007da400000,0x00000007da400000,0x00000007dae00000)
  to   space 10240K, 0% used [0x00000007dae00000,0x00000007dae00000,0x00000007db800000)
 ParOldGen       total 688128K, used 509577K [0x0000000781000000, 0x00000007ab000000, 0x00000007d5a80000)
  object space 688128K, 74% used [0x0000000781000000,0x00000007a01a2758,0x00000007ab000000)
 PSPermGen       total 130560K, used 104690K [0x0000000771000000, 0x0000000778f80000, 0x0000000781000000)
  object space 130560K, 80% used [0x0000000771000000,0x000000077763cab8,0x0000000778f80000)
}

