# JRE version: Java(TM) SE Runtime Environment (7.0_55-b13) (build 1.7.0_55-b13)
# Java VM: Java HotSpot(TM) 64-Bit Server VM (24.55-b03 mixed mode windows-amd64 compressed oops)
Heap
 PSYoungGen      total 619520K, used 242423K [0x00000007d5a80000, 0x00000007fbc80000, 0x0000000800000000)
  eden space 615424K, 39% used [0x00000007d5a80000,0x00000007e472df38,0x00000007fb380000)
  from space 4096K, 1% used [0x00000007fb880000,0x00000007fb890000,0x00000007fbc80000)
  to   space 4608K, 0% used [0x00000007fb380000,0x00000007fb380000,0x00000007fb800000)
 ParOldGen       total 595968K, used 512344K [0x0000000781000000, 0x00000007a5600000, 0x00000007d5a80000)
  object space 595968K, 85% used [0x0000000781000000,0x00000007a0456370,0x00000007a5600000)
 PSPermGen       total 123904K, used 98697K [0x0000000771000000, 0x0000000778900000, 0x0000000781000000)
  object space 123904K, 79% used [0x0000000771000000,0x00000007770625d8,0x0000000778900000)
GC Heap History (10 events):
Event: 4533.388 GC heap before
{Heap before GC invocations=651 (full 9):
 PSYoungGen      total 619520K, used 612416K [0x00000007d5a80000, 0x00000007fbe80000, 0x0000000800000000)
  eden space 612352K, 100% used [0x00000007d5a80000,0x00000007fb080000,0x00000007fb080000)
  from space 7168K, 0% used [0x00000007fb080000,0x00000007fb090000,0x00000007fb780000)
  to   space 6656K, 0% used [0x00000007fb800000,0x00000007fb800000,0x00000007fbe80000)
 ParOldGen       total 595968K, used 512344K [0x0000000781000000, 0x00000007a5600000, 0x00000007d5a80000)
  object space 595968K, 85% used [0x0000000781000000,0x00000007a0456370,0x00000007a5600000)
 PSPermGen       total 123904K, used 98638K [0x0000000771000000, 0x0000000778900000, 0x0000000781000000)
  object space 123904K, 79% used [0x0000000771000000,0x0000000777053968,0x0000000778900000)
Event: 4533.395 GC heap after
Heap after GC invocations=651 (full 9):
 PSYoungGen      total 620032K, used 64K [0x00000007d5a80000, 0x00000007fbe80000, 0x0000000800000000)
  eden space 613376K, 0% used [0x00000007d5a80000,0x00000007d5a80000,0x00000007fb180000)
  from space 6656K, 0% used [0x00000007fb800000,0x00000007fb810000,0x00000007fbe80000)
  to   space 6656K, 0% used [0x00000007fb180000,0x00000007fb180000,0x00000007fb800000)
 ParOldGen       total 595968K, used 512344K [0x0000000781000000, 0x00000007a5600000, 0x00000007d5a80000)
  object space 595968K, 85% used [0x0000000781000000,0x00000007a0456370,0x00000007a5600000)
 PSPermGen       total 123904K, used 98638K [0x0000000771000000, 0x0000000778900000, 0x0000000781000000)
  object space 123904K, 79% used [0x0000000771000000,0x0000000777053968,0x0000000778900000)
}
Event: 4593.243 GC heap before
{Heap before GC invocations=652 (full 9):
 PSYoungGen      total 620032K, used 613440K [0x00000007d5a80000, 0x00000007fbe80000, 0x0000000800000000)
  eden space 613376K, 100% used [0x00000007d5a80000,0x00000007fb180000,0x00000007fb180000)
  from space 6656K, 0% used [0x00000007fb800000,0x00000007fb810000,0x00000007fbe80000)
  to   space 6656K, 0% used [0x00000007fb180000,0x00000007fb180000,0x00000007fb800000)
 ParOldGen       total 595968K, used 512344K [0x0000000781000000, 0x00000007a5600000, 0x00000007d5a80000)
  object space 595968K, 85% used [0x0000000781000000,0x00000007a0456370,0x00000007a5600000)
 PSPermGen       total 123904K, used 98638K [0x0000000771000000, 0x0000000778900000, 0x0000000781000000)
  object space 123904K, 79% used [0x0000000771000000,0x0000000777053968,0x0000000778900000)
Event: 4593.254 GC heap after
Heap after GC invocations=652 (full 9):
 PSYoungGen      total 620032K, used 96K [0x00000007d5a80000, 0x00000007fbe80000, 0x0000000800000000)
  eden space 613376K, 0% used [0x00000007d5a80000,0x00000007d5a80000,0x00000007fb180000)
  from space 6656K, 1% used [0x00000007fb180000,0x00000007fb198000,0x00000007fb800000)
  to   space 6144K, 0% used [0x00000007fb880000,0x00000007fb880000,0x00000007fbe80000)
 ParOldGen       total 595968K, used 512344K [0x0000000781000000, 0x00000007a5600000, 0x00000007d5a80000)
  object space 595968K, 85% used [0x0000000781000000,0x00000007a0456370,0x00000007a5600000)
 PSPermGen       total 123904K, used 98638K [0x0000000771000000, 0x0000000778900000, 0x0000000781000000)
  object space 123904K, 79% used [0x0000000771000000,0x0000000777053968,0x0000000778900000)
}
Event: 4652.242 GC heap before
{Heap before GC invocations=653 (full 9):
 PSYoungGen      total 620032K, used 613472K [0x00000007d5a80000, 0x00000007fbe80000, 0x0000000800000000)
  eden space 613376K, 100% used [0x00000007d5a80000,0x00000007fb180000,0x00000007fb180000)
  from space 6656K, 1% used [0x00000007fb180000,0x00000007fb198000,0x00000007fb800000)
  to   space 6144K, 0% used [0x00000007fb880000,0x00000007fb880000,0x00000007fbe80000)
 ParOldGen       total 595968K, used 512344K [0x0000000781000000, 0x00000007a5600000, 0x00000007d5a80000)
  object space 595968K, 85% used [0x0000000781000000,0x00000007a0456370,0x00000007a5600000)
 PSPermGen       total 123904K, used 98638K [0x0000000771000000, 0x0000000778900000, 0x0000000781000000)
  object space 123904K, 79% used [0x0000000771000000,0x0000000777053968,0x0000000778900000)
Event: 4652.250 GC heap after
Heap after GC invocations=653 (full 9):
 PSYoungGen      total 619520K, used 96K [0x00000007d5a80000, 0x00000007fbd80000, 0x0000000800000000)
  eden space 614400K, 0% used [0x00000007d5a80000,0x00000007d5a80000,0x00000007fb280000)
  from space 5120K, 1% used [0x00000007fb880000,0x00000007fb898000,0x00000007fbd80000)
  to   space 5632K, 0% used [0x00000007fb280000,0x00000007fb280000,0x00000007fb800000)
 ParOldGen       total 595968K, used 512344K [0x0000000781000000, 0x00000007a5600000, 0x00000007d5a80000)
  object space 595968K, 85% used [0x0000000781000000,0x00000007a0456370,0x00000007a5600000)
 PSPermGen       total 123904K, used 98638K [0x0000000771000000, 0x0000000778900000, 0x0000000781000000)
  object space 123904K, 79% used [0x0000000771000000,0x0000000777053968,0x0000000778900000)
}
Event: 4709.118 GC heap before
{Heap before GC invocations=654 (full 9):
 PSYoungGen      total 619520K, used 614496K [0x00000007d5a80000, 0x00000007fbd80000, 0x0000000800000000)
  eden space 614400K, 100% used [0x00000007d5a80000,0x00000007fb280000,0x00000007fb280000)
  from space 5120K, 1% used [0x00000007fb880000,0x00000007fb898000,0x00000007fbd80000)
  to   space 5632K, 0% used [0x00000007fb280000,0x00000007fb280000,0x00000007fb800000)
 ParOldGen       total 595968K, used 512344K [0x0000000781000000, 0x00000007a5600000, 0x00000007d5a80000)
  object space 595968K, 85% used [0x0000000781000000,0x00000007a0456370,0x00000007a5600000)
 PSPermGen       total 123904K, used 98638K [0x0000000771000000, 0x0000000778900000, 0x0000000781000000)
  object space 123904K, 79% used [0x0000000771000000,0x0000000777053968,0x0000000778900000)
Event: 4709.125 GC heap after
Heap after GC invocations=654 (full 9):
 PSYoungGen      total 620032K, used 64K [0x00000007d5a80000, 0x00000007fbd80000, 0x0000000800000000)
  eden space 614400K, 0% used [0x00000007d5a80000,0x00000007d5a80000,0x00000007fb280000)
  from space 5632K, 1% used [0x00000007fb280000,0x00000007fb290000,0x00000007fb800000)
  to   space 5120K, 0% used [0x00000007fb880000,0x00000007fb880000,0x00000007fbd80000)
 ParOldGen       total 595968K, used 512344K [0x0000000781000000, 0x00000007a5600000, 0x00000007d5a80000)
  object space 595968K, 85% used [0x0000000781000000,0x00000007a0456370,0x00000007a5600000)
 PSPermGen       total 123904K, used 98638K [0x0000000771000000, 0x0000000778900000, 0x0000000781000000)
  object space 123904K, 79% used [0x0000000771000000,0x0000000777053968,0x0000000778900000)
}
Event: 4767.863 GC heap before
{Heap before GC invocations=655 (full 9):
 PSYoungGen      total 620032K, used 614464K [0x00000007d5a80000, 0x00000007fbd80000, 0x0000000800000000)
  eden space 614400K, 100% used [0x00000007d5a80000,0x00000007fb280000,0x00000007fb280000)
  from space 5632K, 1% used [0x00000007fb280000,0x00000007fb290000,0x00000007fb800000)
  to   space 5120K, 0% used [0x00000007fb880000,0x00000007fb880000,0x00000007fbd80000)
 ParOldGen       total 595968K, used 512344K [0x0000000781000000, 0x00000007a5600000, 0x00000007d5a80000)
  object space 595968K, 85% used [0x0000000781000000,0x00000007a0456370,0x00000007a5600000)
 PSPermGen       total 123904K, used 98638K [0x0000000771000000, 0x0000000778900000, 0x0000000781000000)
  object space 123904K, 79% used [0x0000000771000000,0x0000000777053968,0x0000000778900000)
Event: 4767.873 GC heap after
Heap after GC invocations=655 (full 9):
 PSYoungGen      total 619520K, used 64K [0x00000007d5a80000, 0x00000007fbc80000, 0x0000000800000000)
  eden space 615424K, 0% used [0x00000007d5a80000,0x00000007d5a80000,0x00000007fb380000)
  from space 4096K, 1% used [0x00000007fb880000,0x00000007fb890000,0x00000007fbc80000)
  to   space 4608K, 0% used [0x00000007fb380000,0x00000007fb380000,0x00000007fb800000)
 ParOldGen       total 595968K, used 512344K [0x0000000781000000, 0x00000007a5600000, 0x00000007d5a80000)
  object space 595968K, 85% used [0x0000000781000000,0x00000007a0456370,0x00000007a5600000)
 PSPermGen       total 123904K, used 98638K [0x0000000771000000, 0x0000000778900000, 0x0000000781000000)
  object space 123904K, 79% used [0x0000000771000000,0x0000000777053968,0x0000000778900000)
}

