# JRE version: Java(TM) SE Runtime Environment (7.0_55-b13) (build 1.7.0_55-b13)
# Java VM: Java HotSpot(TM) 64-Bit Server VM (24.55-b03 mixed mode windows-amd64 compressed oops)
Heap
 PSYoungGen      total 293888K, used 33146K [0x00000007d5a80000, 0x00000007eb080000, 0x0000000800000000)
  eden space 287744K, 9% used [0x00000007d5a80000,0x00000007d750e820,0x00000007e7380000)
  from space 6144K, 96% used [0x00000007e7d00000,0x00000007e82d0000,0x00000007e8300000)
  to   space 31232K, 0% used [0x00000007e9200000,0x00000007e9200000,0x00000007eb080000)
 ParOldGen       total 657920K, used 579547K [0x0000000781000000, 0x00000007a9280000, 0x00000007d5a80000)
  object space 657920K, 88% used [0x0000000781000000,0x00000007a45f6dd8,0x00000007a9280000)
 PSPermGen       total 122880K, used 102814K [0x0000000771000000, 0x0000000778800000, 0x0000000781000000)
  object space 122880K, 83% used [0x0000000771000000,0x0000000777467a68,0x0000000778800000)
GC Heap History (10 events):
Event: 976.093 GC heap before
{Heap before GC invocations=144 (full 13):
 PSYoungGen      total 365056K, used 346896K [0x00000007d5a80000, 0x00000007eef00000, 0x0000000800000000)
  eden space 341504K, 100% used [0x00000007d5a80000,0x00000007ea800000,0x00000007ea800000)
  from space 23552K, 22% used [0x00000007ed800000,0x00000007edd44010,0x00000007eef00000)
  to   space 36352K, 0% used [0x00000007ea800000,0x00000007ea800000,0x00000007ecb80000)
 ParOldGen       total 657920K, used 579343K [0x0000000781000000, 0x00000007a9280000, 0x00000007d5a80000)
  object space 657920K, 88% used [0x0000000781000000,0x00000007a45c3da8,0x00000007a9280000)
 PSPermGen       total 122880K, used 102797K [0x0000000771000000, 0x0000000778800000, 0x0000000781000000)
  object space 122880K, 83% used [0x0000000771000000,0x0000000777463640,0x0000000778800000)
Event: 976.104 GC heap after
Heap after GC invocations=144 (full 13):
 PSYoungGen      total 335872K, used 5952K [0x00000007d5a80000, 0x00000007ee180000, 0x0000000800000000)
  eden space 329728K, 0% used [0x00000007d5a80000,0x00000007d5a80000,0x00000007e9c80000)
  from space 6144K, 96% used [0x00000007ea800000,0x00000007eadd0000,0x00000007eae00000)
  to   space 35328K, 0% used [0x00000007ebf00000,0x00000007ebf00000,0x00000007ee180000)
 ParOldGen       total 657920K, used 579367K [0x0000000781000000, 0x00000007a9280000, 0x00000007d5a80000)
  object space 657920K, 88% used [0x0000000781000000,0x00000007a45c9da8,0x00000007a9280000)
 PSPermGen       total 122880K, used 102797K [0x0000000771000000, 0x0000000778800000, 0x0000000781000000)
  object space 122880K, 83% used [0x0000000771000000,0x0000000777463640,0x0000000778800000)
}
Event: 984.562 GC heap before
{Heap before GC invocations=145 (full 13):
 PSYoungGen      total 335872K, used 335680K [0x00000007d5a80000, 0x00000007ee180000, 0x0000000800000000)
  eden space 329728K, 100% used [0x00000007d5a80000,0x00000007e9c80000,0x00000007e9c80000)
  from space 6144K, 96% used [0x00000007ea800000,0x00000007eadd0000,0x00000007eae00000)
  to   space 35328K, 0% used [0x00000007ebf00000,0x00000007ebf00000,0x00000007ee180000)
 ParOldGen       total 657920K, used 579367K [0x0000000781000000, 0x00000007a9280000, 0x00000007d5a80000)
  object space 657920K, 88% used [0x0000000781000000,0x00000007a45c9da8,0x00000007a9280000)
 PSPermGen       total 122880K, used 102797K [0x0000000771000000, 0x0000000778800000, 0x0000000781000000)
  object space 122880K, 83% used [0x0000000771000000,0x0000000777463640,0x0000000778800000)
Event: 984.572 GC heap after
Heap after GC invocations=145 (full 13):
 PSYoungGen      total 341504K, used 4640K [0x00000007d5a80000, 0x00000007ed580000, 0x0000000800000000)
  eden space 318464K, 0% used [0x00000007d5a80000,0x00000007d5a80000,0x00000007e9180000)
  from space 23040K, 20% used [0x00000007ebf00000,0x00000007ec388000,0x00000007ed580000)
  to   space 34816K, 0% used [0x00000007e9180000,0x00000007e9180000,0x00000007eb380000)
 ParOldGen       total 657920K, used 579375K [0x0000000781000000, 0x00000007a9280000, 0x00000007d5a80000)
  object space 657920K, 88% used [0x0000000781000000,0x00000007a45cbda8,0x00000007a9280000)
 PSPermGen       total 122880K, used 102797K [0x0000000771000000, 0x0000000778800000, 0x0000000781000000)
  object space 122880K, 83% used [0x0000000771000000,0x0000000777463640,0x0000000778800000)
}
Event: 993.137 GC heap before
{Heap before GC invocations=146 (full 13):
 PSYoungGen      total 341504K, used 323104K [0x00000007d5a80000, 0x00000007ed580000, 0x0000000800000000)
  eden space 318464K, 100% used [0x00000007d5a80000,0x00000007e9180000,0x00000007e9180000)
  from space 23040K, 20% used [0x00000007ebf00000,0x00000007ec388000,0x00000007ed580000)
  to   space 34816K, 0% used [0x00000007e9180000,0x00000007e9180000,0x00000007eb380000)
 ParOldGen       total 657920K, used 579375K [0x0000000781000000, 0x00000007a9280000, 0x00000007d5a80000)
  object space 657920K, 88% used [0x0000000781000000,0x00000007a45cbda8,0x00000007a9280000)
 PSPermGen       total 122880K, used 102797K [0x0000000771000000, 0x0000000778800000, 0x0000000781000000)
  object space 122880K, 83% used [0x0000000771000000,0x0000000777463660,0x0000000778800000)
Event: 993.148 GC heap after
Heap after GC invocations=146 (full 13):
 PSYoungGen      total 312832K, used 5024K [0x00000007d5a80000, 0x00000007ec900000, 0x0000000800000000)
  eden space 307712K, 0% used [0x00000007d5a80000,0x00000007d5a80000,0x00000007e8700000)
  from space 5120K, 98% used [0x00000007e9180000,0x00000007e9668000,0x00000007e9680000)
  to   space 33792K, 0% used [0x00000007ea800000,0x00000007ea800000,0x00000007ec900000)
 ParOldGen       total 657920K, used 579475K [0x0000000781000000, 0x00000007a9280000, 0x00000007d5a80000)
  object space 657920K, 88% used [0x0000000781000000,0x00000007a45e4dd8,0x00000007a9280000)
 PSPermGen       total 122880K, used 102797K [0x0000000771000000, 0x0000000778800000, 0x0000000781000000)
  object space 122880K, 83% used [0x0000000771000000,0x0000000777463660,0x0000000778800000)
}
Event: 1001.382 GC heap before
{Heap before GC invocations=147 (full 13):
 PSYoungGen      total 312832K, used 312736K [0x00000007d5a80000, 0x00000007ec900000, 0x0000000800000000)
  eden space 307712K, 100% used [0x00000007d5a80000,0x00000007e8700000,0x00000007e8700000)
  from space 5120K, 98% used [0x00000007e9180000,0x00000007e9668000,0x00000007e9680000)
  to   space 33792K, 0% used [0x00000007ea800000,0x00000007ea800000,0x00000007ec900000)
 ParOldGen       total 657920K, used 579475K [0x0000000781000000, 0x00000007a9280000, 0x00000007d5a80000)
  object space 657920K, 88% used [0x0000000781000000,0x00000007a45e4dd8,0x00000007a9280000)
 PSPermGen       total 122880K, used 102797K [0x0000000771000000, 0x0000000778800000, 0x0000000781000000)
  object space 122880K, 83% used [0x0000000771000000,0x0000000777463740,0x0000000778800000)
Event: 1001.392 GC heap after
Heap after GC invocations=147 (full 13):
 PSYoungGen      total 318976K, used 5152K [0x00000007d5a80000, 0x00000007ebd00000, 0x0000000800000000)
  eden space 297472K, 0% used [0x00000007d5a80000,0x00000007d5a80000,0x00000007e7d00000)
  from space 21504K, 23% used [0x00000007ea800000,0x00000007ead08000,0x00000007ebd00000)
  to   space 32768K, 0% used [0x00000007e7d00000,0x00000007e7d00000,0x00000007e9d00000)
 ParOldGen       total 657920K, used 579507K [0x0000000781000000, 0x00000007a9280000, 0x00000007d5a80000)
  object space 657920K, 88% used [0x0000000781000000,0x00000007a45ecdd8,0x00000007a9280000)
 PSPermGen       total 122880K, used 102797K [0x0000000771000000, 0x0000000778800000, 0x0000000781000000)
  object space 122880K, 83% used [0x0000000771000000,0x0000000777463740,0x0000000778800000)
}
Event: 1010.253 GC heap before
{Heap before GC invocations=148 (full 13):
 PSYoungGen      total 318976K, used 302624K [0x00000007d5a80000, 0x00000007ebd00000, 0x0000000800000000)
  eden space 297472K, 100% used [0x00000007d5a80000,0x00000007e7d00000,0x00000007e7d00000)
  from space 21504K, 23% used [0x00000007ea800000,0x00000007ead08000,0x00000007ebd00000)
  to   space 32768K, 0% used [0x00000007e7d00000,0x00000007e7d00000,0x00000007e9d00000)
 ParOldGen       total 657920K, used 579507K [0x0000000781000000, 0x00000007a9280000, 0x00000007d5a80000)
  object space 657920K, 88% used [0x0000000781000000,0x00000007a45ecdd8,0x00000007a9280000)
 PSPermGen       total 122880K, used 102800K [0x0000000771000000, 0x0000000778800000, 0x0000000781000000)
  object space 122880K, 83% used [0x0000000771000000,0x0000000777464118,0x0000000778800000)
Event: 1010.263 GC heap after
Heap after GC invocations=148 (full 13):
 PSYoungGen      total 293888K, used 5952K [0x00000007d5a80000, 0x00000007eb080000, 0x0000000800000000)
  eden space 287744K, 0% used [0x00000007d5a80000,0x00000007d5a80000,0x00000007e7380000)
  from space 6144K, 96% used [0x00000007e7d00000,0x00000007e82d0000,0x00000007e8300000)
  to   space 31232K, 0% used [0x00000007e9200000,0x00000007e9200000,0x00000007eb080000)
 ParOldGen       total 657920K, used 579547K [0x0000000781000000, 0x00000007a9280000, 0x00000007d5a80000)
  object space 657920K, 88% used [0x0000000781000000,0x00000007a45f6dd8,0x00000007a9280000)
 PSPermGen       total 122880K, used 102800K [0x0000000771000000, 0x0000000778800000, 0x0000000781000000)
  object space 122880K, 83% used [0x0000000771000000,0x0000000777464118,0x0000000778800000)
}

